2024-09-25 19:24:44,897 [INFO] Activator:177 - 


2024-09-25 19:24:44,905 [INFO] Activator:178 - !SESSION log4j initialized
2024-09-25 19:24:53,484 [INFO] McuFinderGlobals:39 - Set McuFinder mode to 2 (CubeIDE integrated)
2024-09-25 19:24:53,968 [INFO] ApplicationProperties:181 - Using Application install path: C:\ST\STM32CubeIDE_1.7.0\STM32CubeIDE\plugins\com.st.stm32cube.common.mx_6.3.0.202107141111
2024-09-25 19:24:53,983 [INFO] DbMcusXml:74 - Set database path to: C:\ST\STM32CubeIDE_1.7.0\STM32CubeIDE\plugins\com.st.stm32cube.common.mx_6.3.0.202107141111\\db\/mcu/
2024-09-25 19:24:53,987 [INFO] DbBoardsPdsc:56 - Set plugin database path to: C:\ST\STM32CubeIDE_1.7.0\STM32CubeIDE\plugins\com.st.stm32cube.common.mx_6.3.0.202107141111\\db\/plugins/boardmanager/
2024-09-25 19:24:53,987 [INFO] DbMcus:258 - Set plugin images path to: C:\ST\STM32CubeIDE_1.7.0\STM32CubeIDE\plugins\com.st.stm32cube.common.mx_6.3.0.202107141111\\db\/plugins/mcufinder/images/
2024-09-25 19:24:53,987 [INFO] DbBoards:264 - Set plugin images path to: C:\ST\STM32CubeIDE_1.7.0\STM32CubeIDE\plugins\com.st.stm32cube.common.mx_6.3.0.202107141111\\db\/plugins/mcufinder/images/
2024-09-25 19:24:53,990 [INFO] DbExamples:333 - Set plugin images path to: C:\ST\STM32CubeIDE_1.7.0\STM32CubeIDE\plugins\com.st.stm32cube.common.mx_6.3.0.202107141111\\db\/plugins/mcufinder/images/
2024-09-25 19:24:54,003 [INFO] DbMcusAds:119 - Set database path to: C:\Users\thuan\.stmcufinder\plugins\mcufinder//mcu/
2024-09-25 19:24:54,003 [INFO] DbMcusDocs:110 - Set database path to: C:\Users\thuan\.stmcufinder\plugins\mcufinder//mcu/
2024-09-25 19:24:54,005 [INFO] DbMcusJson:64 - Set database path to: C:\Users\thuan\.stmcufinder\plugins\mcufinder//mcu/
2024-09-25 19:24:54,005 [INFO] DbBoardsDocs:110 - Set database path to: C:\Users\thuan\.stmcufinder\plugins\mcufinder//mcu/
2024-09-25 19:24:54,006 [INFO] DbBoardsJson:57 - Set database path to: C:\Users\thuan\.stmcufinder\plugins\mcufinder//mcu/
2024-09-25 19:24:54,009 [INFO] CrossReferenceDbSqlite:196 - Set database path to: C:\Users\thuan\.stmcufinder\plugins\mcufinder//mcu/cs/
2024-09-25 19:24:54,011 [INFO] DbExamplesSqlite:767 - Set database path to: C:\Users\thuan\.stmcufinder\plugins\mcufinder//mcu/
2024-09-25 19:24:54,088 [INFO] RulesReader:57 - Compatibility file has been processed (242 Rules)
2024-09-25 19:24:54,182 [INFO] DbMcusXml:74 - Set database path to: C:\ST\STM32CubeIDE_1.7.0\STM32CubeIDE\plugins\com.st.stm32cube.common.mx_6.3.0.202107141111\\db\/mcu/
2024-09-25 19:24:54,183 [INFO] DbBoardsPdsc:56 - Set plugin database path to: C:\ST\STM32CubeIDE_1.7.0\STM32CubeIDE\plugins\com.st.stm32cube.common.mx_6.3.0.202107141111\\db\/plugins/boardmanager/
2024-09-25 19:24:54,183 [INFO] DbMcus:258 - Set plugin images path to: C:\ST\STM32CubeIDE_1.7.0\STM32CubeIDE\plugins\com.st.stm32cube.common.mx_6.3.0.202107141111\\db\/plugins/mcufinder/images/
2024-09-25 19:24:54,183 [INFO] DbBoards:264 - Set plugin images path to: C:\ST\STM32CubeIDE_1.7.0\STM32CubeIDE\plugins\com.st.stm32cube.common.mx_6.3.0.202107141111\\db\/plugins/mcufinder/images/
2024-09-25 19:24:54,183 [INFO] DbExamples:333 - Set plugin images path to: C:\ST\STM32CubeIDE_1.7.0\STM32CubeIDE\plugins\com.st.stm32cube.common.mx_6.3.0.202107141111\\db\/plugins/mcufinder/images/
2024-09-25 19:24:54,183 [WARN] DbFile:35 - Overriding database path with different value: C:\Users\thuan\.stmcufinder\plugins\mcufinder/ => C:\Users\thuan\.stmcufinder\plugins\mcufinder
2024-09-25 19:24:54,183 [INFO] DbMcusAds:119 - Set database path to: C:\Users\thuan\.stmcufinder\plugins\mcufinder//mcu/
2024-09-25 19:24:54,183 [WARN] DbFile:35 - Overriding database path with different value: C:\Users\thuan\.stmcufinder\plugins\mcufinder/ => C:\Users\thuan\.stmcufinder\plugins\mcufinder
2024-09-25 19:24:54,183 [INFO] DbMcusDocs:110 - Set database path to: C:\Users\thuan\.stmcufinder\plugins\mcufinder//mcu/
2024-09-25 19:24:54,183 [WARN] DbFile:35 - Overriding database path with different value: C:\Users\thuan\.stmcufinder\plugins\mcufinder/ => C:\Users\thuan\.stmcufinder\plugins\mcufinder
2024-09-25 19:24:54,183 [INFO] DbMcusJson:64 - Set database path to: C:\Users\thuan\.stmcufinder\plugins\mcufinder//mcu/
2024-09-25 19:24:54,183 [WARN] DbFile:35 - Overriding database path with different value: C:\Users\thuan\.stmcufinder\plugins\mcufinder/ => C:\Users\thuan\.stmcufinder\plugins\mcufinder
2024-09-25 19:24:54,184 [INFO] DbBoardsDocs:110 - Set database path to: C:\Users\thuan\.stmcufinder\plugins\mcufinder//mcu/
2024-09-25 19:24:54,184 [WARN] DbFile:35 - Overriding database path with different value: C:\Users\thuan\.stmcufinder\plugins\mcufinder/ => C:\Users\thuan\.stmcufinder\plugins\mcufinder
2024-09-25 19:24:54,184 [INFO] DbBoardsJson:57 - Set database path to: C:\Users\thuan\.stmcufinder\plugins\mcufinder//mcu/
2024-09-25 19:24:54,184 [WARN] DbFile:35 - Overriding database path with different value: C:\Users\thuan\.stmcufinder\plugins\mcufinder/ => C:\Users\thuan\.stmcufinder\plugins\mcufinder
2024-09-25 19:24:54,184 [WARN] DbFile:35 - Overriding database path with different value: C:\Users\thuan\.stmcufinder\plugins\mcufinder/ => C:\Users\thuan\.stmcufinder\plugins\mcufinder
2024-09-25 19:24:54,184 [INFO] CrossReferenceDbSqlite:196 - Set database path to: C:\Users\thuan\.stmcufinder\plugins\mcufinder//mcu/cs/
2024-09-25 19:24:54,184 [WARN] DbFile:35 - Overriding database path with different value: C:\Users\thuan\.stmcufinder\plugins\mcufinder/ => C:\Users\thuan\.stmcufinder\plugins\mcufinder
2024-09-25 19:24:54,184 [INFO] DbExamplesSqlite:767 - Set database path to: C:\Users\thuan\.stmcufinder\plugins\mcufinder//mcu/
2024-09-25 19:24:54,247 [INFO] MainPanel:214 - HeapMemory: 268435456
2024-09-25 19:24:54,355 [INFO] DbMcusXml:74 - Set database path to: C:\ST\STM32CubeIDE_1.7.0\STM32CubeIDE\plugins\com.st.stm32cube.common.mx_6.3.0.202107141111\\db\/mcu/
2024-09-25 19:24:54,355 [INFO] DbBoardsPdsc:56 - Set plugin database path to: C:\ST\STM32CubeIDE_1.7.0\STM32CubeIDE\plugins\com.st.stm32cube.common.mx_6.3.0.202107141111\\db\/plugins/boardmanager/
2024-09-25 19:24:54,355 [INFO] DbMcus:258 - Set plugin images path to: C:\ST\STM32CubeIDE_1.7.0\STM32CubeIDE\plugins\com.st.stm32cube.common.mx_6.3.0.202107141111\\db\/plugins/mcufinder/images/
2024-09-25 19:24:54,355 [INFO] DbBoards:264 - Set plugin images path to: C:\ST\STM32CubeIDE_1.7.0\STM32CubeIDE\plugins\com.st.stm32cube.common.mx_6.3.0.202107141111\\db\/plugins/mcufinder/images/
2024-09-25 19:24:54,355 [INFO] DbExamples:333 - Set plugin images path to: C:\ST\STM32CubeIDE_1.7.0\STM32CubeIDE\plugins\com.st.stm32cube.common.mx_6.3.0.202107141111\\db\/plugins/mcufinder/images/
2024-09-25 19:24:54,363 [WARN] DbFile:35 - Overriding database path with different value: C:\Users\thuan\.stmcufinder\plugins\mcufinder/ => C:\Users\thuan\.stmcufinder\plugins\mcufinder
2024-09-25 19:24:54,363 [INFO] DbMcusAds:119 - Set database path to: C:\Users\thuan\.stmcufinder\plugins\mcufinder//mcu/
2024-09-25 19:24:54,363 [WARN] DbFile:35 - Overriding database path with different value: C:\Users\thuan\.stmcufinder\plugins\mcufinder/ => C:\Users\thuan\.stmcufinder\plugins\mcufinder
2024-09-25 19:24:54,363 [INFO] DbMcusDocs:110 - Set database path to: C:\Users\thuan\.stmcufinder\plugins\mcufinder//mcu/
2024-09-25 19:24:54,363 [WARN] DbFile:35 - Overriding database path with different value: C:\Users\thuan\.stmcufinder\plugins\mcufinder/ => C:\Users\thuan\.stmcufinder\plugins\mcufinder
2024-09-25 19:24:54,363 [INFO] DbMcusJson:64 - Set database path to: C:\Users\thuan\.stmcufinder\plugins\mcufinder//mcu/
2024-09-25 19:24:54,363 [WARN] DbFile:35 - Overriding database path with different value: C:\Users\thuan\.stmcufinder\plugins\mcufinder/ => C:\Users\thuan\.stmcufinder\plugins\mcufinder
2024-09-25 19:24:54,363 [INFO] DbBoardsDocs:110 - Set database path to: C:\Users\thuan\.stmcufinder\plugins\mcufinder//mcu/
2024-09-25 19:24:54,363 [WARN] DbFile:35 - Overriding database path with different value: C:\Users\thuan\.stmcufinder\plugins\mcufinder/ => C:\Users\thuan\.stmcufinder\plugins\mcufinder
2024-09-25 19:24:54,363 [INFO] DbBoardsJson:57 - Set database path to: C:\Users\thuan\.stmcufinder\plugins\mcufinder//mcu/
2024-09-25 19:24:54,363 [WARN] DbFile:35 - Overriding database path with different value: C:\Users\thuan\.stmcufinder\plugins\mcufinder/ => C:\Users\thuan\.stmcufinder\plugins\mcufinder
2024-09-25 19:24:54,363 [WARN] DbFile:35 - Overriding database path with different value: C:\Users\thuan\.stmcufinder\plugins\mcufinder/ => C:\Users\thuan\.stmcufinder\plugins\mcufinder
2024-09-25 19:24:54,363 [INFO] CrossReferenceDbSqlite:196 - Set database path to: C:\Users\thuan\.stmcufinder\plugins\mcufinder//mcu/cs/
2024-09-25 19:24:54,363 [WARN] DbFile:35 - Overriding database path with different value: C:\Users\thuan\.stmcufinder\plugins\mcufinder/ => C:\Users\thuan\.stmcufinder\plugins\mcufinder
2024-09-25 19:24:54,363 [INFO] DbExamplesSqlite:767 - Set database path to: C:\Users\thuan\.stmcufinder\plugins\mcufinder//mcu/
2024-09-25 19:24:54,382 [INFO] ApplicationProperties:181 - Using Application install path: C:\ST\STM32CubeIDE_1.7.0\STM32CubeIDE\plugins\com.st.stm32cube.common.mx_6.3.0.202107141111
2024-09-25 19:24:54,383 [INFO] PluginManage:188 - Search for loadable plugins [exclusion list=, ]
2024-09-25 19:24:54,384 [INFO] PluginManage:302 - Check plugin analytics
2024-09-25 19:24:54,508 [INFO] AnalyticsPlugin:257 - Accepted Software Licenses: 
2024-09-25 19:24:54,508 [INFO] AnalyticsPlugin:259 - Accepted CMSIS Pack Licenses: 
2024-09-25 19:24:54,508 [INFO] AnalyticsPlugin:261 - Accepted Firmware Licenses: 
2024-09-25 19:24:54,509 [INFO] PluginManage:352 - Loaded plugin analytics (category:tool,tabindex:-1)
2024-09-25 19:24:54,509 [INFO] PluginManage:302 - Check plugin clock
2024-09-25 19:24:54,529 [INFO] PluginManage:352 - Loaded plugin clock (category:base,tabindex:2)
2024-09-25 19:24:54,530 [INFO] PluginManage:302 - Check plugin ddr
2024-09-25 19:24:54,532 [INFO] PluginManage:352 - Loaded plugin ddr (category:tool,tabindex:6)
2024-09-25 19:24:54,533 [INFO] PluginManage:302 - Check plugin filemanager
2024-09-25 19:24:54,647 [INFO] PluginManage:352 - Loaded plugin filemanager (category:base,tabindex:10)
2024-09-25 19:24:54,647 [INFO] PluginManage:302 - Check plugin ipmanager
2024-09-25 19:24:54,655 [INFO] PluginManage:352 - Loaded plugin ipmanager (category:base,tabindex:5)
2024-09-25 19:24:54,655 [INFO] PluginManage:302 - Check plugin pinoutandconfiguration
2024-09-25 19:24:54,672 [INFO] PluginManage:352 - Loaded plugin pinoutandconfiguration (category:base,tabindex:1)
2024-09-25 19:24:54,672 [INFO] PluginManage:302 - Check plugin pinoutconfig
2024-09-25 19:24:54,706 [INFO] PluginManage:352 - Loaded plugin pinoutconfig (category:base,tabindex:0)
2024-09-25 19:24:54,706 [INFO] PluginManage:302 - Check plugin power
2024-09-25 19:24:54,731 [INFO] PluginManage:352 - Loaded plugin power (category:power,tabindex:4)
2024-09-25 19:24:54,731 [INFO] PluginManage:302 - Check plugin projectmanager
2024-09-25 19:24:54,745 [INFO] PluginManage:352 - Loaded plugin projectmanager (category:projectmanager,tabindex:3)
2024-09-25 19:24:54,745 [INFO] PluginManage:302 - Check plugin thirdparty
2024-09-25 19:24:54,991 [INFO] PluginManage:352 - Loaded plugin thirdparty (category:base,tabindex:-1)
2024-09-25 19:24:54,992 [INFO] PluginManage:302 - Check plugin tools
2024-09-25 19:24:54,992 [WARN] IntegrityCheckThread:78 - waiting for thirdparty lock release [integrity check]
2024-09-25 19:24:54,992 [INFO] IntegrityCheckThread:80 - entering critical section [integrity check]
2024-09-25 19:24:54,992 [INFO] ThirdPartyUpdaterWithRetryManager:66 - Updater plugin not ready yet. [1/15]
2024-09-25 19:24:55,042 [INFO] PluginManage:352 - Loaded plugin tools (category:base,tabindex:7)
2024-09-25 19:24:55,042 [INFO] PluginManage:302 - Check plugin tutovideos
2024-09-25 19:24:55,272 [INFO] PluginManage:352 - Loaded plugin tutovideos (category:base,tabindex:-1)
2024-09-25 19:24:55,273 [INFO] PluginManage:302 - Check plugin updater
2024-09-25 19:24:55,286 [INFO] PluginManage:352 - Loaded plugin updater (category:base,tabindex:12)
2024-09-25 19:24:55,287 [INFO] PluginManage:275 - PluginManage : Loaded plugins [13]
2024-09-25 19:24:55,461 [INFO] PinOutPanel:1463 - setPackage(No Configuration,No Configuration)
2024-09-25 19:24:55,548 [INFO] IPUIPlugin:74 - create IPUIPlugin
2024-09-25 19:24:55,548 [INFO] PluginManager:213 - loadIPPluginJar : add adc
2024-09-25 19:24:55,590 [INFO] IPUIPlugin:74 - create IPUIPlugin
2024-09-25 19:24:55,590 [INFO] PluginManager:213 - loadIPPluginJar : add aes
2024-09-25 19:24:55,636 [INFO] IPUIPlugin:74 - create IPUIPlugin
2024-09-25 19:24:55,638 [INFO] PluginManager:213 - loadIPPluginJar : add can
2024-09-25 19:24:55,664 [INFO] IPUIPlugin:74 - create IPUIPlugin
2024-09-25 19:24:55,664 [INFO] PluginManager:213 - loadIPPluginJar : add comp
2024-09-25 19:24:55,695 [INFO] IPUIPlugin:74 - create IPUIPlugin
2024-09-25 19:24:55,695 [INFO] PluginManager:213 - loadIPPluginJar : add cryp
2024-09-25 19:24:55,727 [INFO] IPUIPlugin:74 - create IPUIPlugin
2024-09-25 19:24:55,728 [INFO] PluginManager:213 - loadIPPluginJar : add dfsdm
2024-09-25 19:24:55,740 [INFO] IPUIPlugin:74 - create IPUIPlugin
2024-09-25 19:24:55,741 [INFO] PluginManager:213 - loadIPPluginJar : add dma
2024-09-25 19:24:55,783 [INFO] IPUIPlugin:74 - create IPUIPlugin
2024-09-25 19:24:55,783 [INFO] PluginManager:213 - loadIPPluginJar : add dma3
2024-09-25 19:24:55,808 [INFO] IPUIPlugin:74 - create IPUIPlugin
2024-09-25 19:24:55,809 [INFO] PluginManager:213 - loadIPPluginJar : add fatfs
2024-09-25 19:24:55,860 [INFO] IPUIPlugin:74 - create IPUIPlugin
2024-09-25 19:24:55,861 [INFO] PluginManager:213 - loadIPPluginJar : add fmc
2024-09-25 19:24:55,875 [INFO] IPUIPlugin:74 - create IPUIPlugin
2024-09-25 19:24:55,876 [INFO] PluginManager:213 - loadIPPluginJar : add freertos
2024-09-25 19:24:55,902 [INFO] IPUIPlugin:74 - create IPUIPlugin
2024-09-25 19:24:55,902 [INFO] PluginManager:213 - loadIPPluginJar : add genericplugin
2024-09-25 19:24:55,981 [INFO] IPUIPlugin:74 - create IPUIPlugin
2024-09-25 19:24:55,981 [INFO] PluginManager:213 - loadIPPluginJar : add gfxmmu
2024-09-25 19:24:56,095 [INFO] IPUIPlugin:74 - create IPUIPlugin
2024-09-25 19:24:56,095 [INFO] PluginManager:213 - loadIPPluginJar : add gic
2024-09-25 19:24:56,106 [INFO] IPUIPlugin:74 - create IPUIPlugin
2024-09-25 19:24:56,107 [INFO] PluginManager:213 - loadIPPluginJar : add gpio
2024-09-25 19:24:56,172 [INFO] IPUIPlugin:74 - create IPUIPlugin
2024-09-25 19:24:56,172 [INFO] PluginManager:213 - loadIPPluginJar : add gtzc
2024-09-25 19:24:56,205 [INFO] IPUIPlugin:74 - create IPUIPlugin
2024-09-25 19:24:56,205 [INFO] PluginManager:213 - loadIPPluginJar : add hash
2024-09-25 19:24:56,247 [INFO] IPUIPlugin:74 - create IPUIPlugin
2024-09-25 19:24:56,247 [INFO] PluginManager:213 - loadIPPluginJar : add i2c
2024-09-25 19:24:56,296 [INFO] IPUIPlugin:74 - create IPUIPlugin
2024-09-25 19:24:56,296 [INFO] PluginManager:213 - loadIPPluginJar : add i2s
2024-09-25 19:24:56,309 [INFO] IPUIPlugin:74 - create IPUIPlugin
2024-09-25 19:24:56,309 [INFO] PluginManager:213 - loadIPPluginJar : add ipddr
2024-09-25 19:24:56,393 [INFO] IPUIPlugin:74 - create IPUIPlugin
2024-09-25 19:24:56,394 [INFO] PluginManager:213 - loadIPPluginJar : add linkedlist
2024-09-25 19:24:56,436 [INFO] IPUIPlugin:74 - create IPUIPlugin
2024-09-25 19:24:56,437 [INFO] PluginManager:213 - loadIPPluginJar : add lorawan
2024-09-25 19:24:56,490 [INFO] IPUIPlugin:74 - create IPUIPlugin
2024-09-25 19:24:56,491 [INFO] PluginManager:213 - loadIPPluginJar : add ltdc
2024-09-25 19:24:56,504 [INFO] IPUIPlugin:74 - create IPUIPlugin
2024-09-25 19:24:56,504 [INFO] PluginManager:213 - loadIPPluginJar : add mdma
2024-09-25 19:24:56,515 [INFO] IPUIPlugin:74 - create IPUIPlugin
2024-09-25 19:24:56,515 [INFO] PluginManager:213 - loadIPPluginJar : add nvic
2024-09-25 19:24:56,556 [INFO] IPUIPlugin:74 - create IPUIPlugin
2024-09-25 19:24:56,556 [INFO] PluginManager:213 - loadIPPluginJar : add opamp
2024-09-25 19:24:56,618 [INFO] IPUIPlugin:74 - create IPUIPlugin
2024-09-25 19:24:56,619 [INFO] PluginManager:213 - loadIPPluginJar : add openamp
2024-09-25 19:24:56,662 [INFO] IPUIPlugin:74 - create IPUIPlugin
2024-09-25 19:24:56,663 [INFO] PluginManager:213 - loadIPPluginJar : add pdm2pcm
2024-09-25 19:24:56,677 [INFO] IPUIPlugin:74 - create IPUIPlugin
2024-09-25 19:24:56,680 [INFO] PluginManager:213 - loadIPPluginJar : add plateformsettings
2024-09-25 19:24:56,707 [INFO] IPUIPlugin:74 - create IPUIPlugin
2024-09-25 19:24:56,707 [INFO] PluginManager:213 - loadIPPluginJar : add quadspi
2024-09-25 19:24:56,718 [INFO] IPUIPlugin:74 - create IPUIPlugin
2024-09-25 19:24:56,718 [INFO] PluginManager:213 - loadIPPluginJar : add resmgrutility
2024-09-25 19:24:56,768 [INFO] IPUIPlugin:74 - create IPUIPlugin
2024-09-25 19:24:56,768 [INFO] PluginManager:213 - loadIPPluginJar : add sai
2024-09-25 19:24:56,808 [INFO] IPUIPlugin:74 - create IPUIPlugin
2024-09-25 19:24:56,808 [INFO] PluginManager:213 - loadIPPluginJar : add spi
2024-09-25 19:24:56,864 [INFO] IPUIPlugin:74 - create IPUIPlugin
2024-09-25 19:24:56,864 [INFO] PluginManager:213 - loadIPPluginJar : add stm32_wpan
2024-09-25 19:24:56,895 [INFO] IPUIPlugin:74 - create IPUIPlugin
2024-09-25 19:24:56,895 [INFO] PluginManager:213 - loadIPPluginJar : add tim
2024-09-25 19:24:56,955 [INFO] IPUIPlugin:74 - create IPUIPlugin
2024-09-25 19:24:56,955 [INFO] PluginManager:213 - loadIPPluginJar : add touchsensing
2024-09-25 19:24:56,975 [INFO] IPUIPlugin:74 - create IPUIPlugin
2024-09-25 19:24:56,975 [INFO] PluginManager:213 - loadIPPluginJar : add tracer_emb
2024-09-25 19:24:57,011 [INFO] IPUIPlugin:74 - create IPUIPlugin
2024-09-25 19:24:57,011 [INFO] PluginManager:213 - loadIPPluginJar : add ts
2024-09-25 19:24:57,038 [INFO] IPUIPlugin:74 - create IPUIPlugin
2024-09-25 19:24:57,038 [INFO] PluginManager:213 - loadIPPluginJar : add tsc
2024-09-25 19:24:57,072 [INFO] IPUIPlugin:74 - create IPUIPlugin
2024-09-25 19:24:57,072 [INFO] PluginManager:213 - loadIPPluginJar : add ucpd
2024-09-25 19:24:57,169 [INFO] IPUIPlugin:74 - create IPUIPlugin
2024-09-25 19:24:57,169 [INFO] PluginManager:213 - loadIPPluginJar : add usart
2024-09-25 19:24:57,235 [INFO] IPUIPlugin:74 - create IPUIPlugin
2024-09-25 19:24:57,236 [INFO] PluginManager:213 - loadIPPluginJar : add usbx
2024-09-25 19:24:57,507 [FATAL] Updater:294 - Updater called before beeing initialized
2024-09-25 19:24:57,603 [FATAL] Updater:294 - Updater called before beeing initialized
2024-09-25 19:24:57,611 [INFO] DbMcusAds:47 - JSON generation date=Mon Sep 16 21:40:22 ICT 2024 (1726497622318)
2024-09-25 19:24:57,612 [FATAL] Updater:294 - Updater called before beeing initialized
2024-09-25 19:24:57,691 [WARN] DetailPanel:314 - Failed to get advertising image, set to default
2024-09-25 19:24:57,755 [FATAL] Updater:294 - Updater called before beeing initialized
2024-09-25 19:24:57,761 [FATAL] Updater:294 - Updater called before beeing initialized
2024-09-25 19:24:57,761 [FATAL] Updater:294 - Updater called before beeing initialized
2024-09-25 19:24:57,761 [WARN] DetailPanel:314 - Failed to get advertising image, set to default
2024-09-25 19:24:57,762 [FATAL] Updater:294 - Updater called before beeing initialized
2024-09-25 19:24:57,812 [ERROR] Updater:1075 - MainUpdater not yet initialized. External WinMGr cannot be set.
2024-09-25 19:24:57,822 [INFO] Updater:1012 - Updater Version found : 6.3.0
2024-09-25 19:24:57,844 [INFO] ApplicationProperties:181 - Using Application install path: C:\ST\STM32CubeIDE_1.7.0\STM32CubeIDE\plugins\com.st.stm32cube.common.mx_6.3.0.202107141111
2024-09-25 19:24:57,995 [INFO] ThirdPartyUpdaterWithRetryManager:66 - Updater plugin not ready yet. [2/15]
2024-09-25 19:24:58,288 [INFO] MainUpdater:2671 - connection check result : 10
2024-09-25 19:24:58,289 [INFO] MainUpdater:3359 - Updater definition file requires update
2024-09-25 19:24:58,289 [INFO] MainUpdater:265 - Updater Check For Update Now.
2024-09-25 19:24:58,290 [INFO] MicroXplorer:478 - Change Database Version : DB.6.0.30
2024-09-25 19:24:58,415 [INFO] ServerAccessManage:362 - Download File updaters.zip
2024-09-25 19:24:58,465 [INFO] FileExtend:235 - Unzip File : updaters.zip
2024-09-25 19:24:58,465 [INFO] FileExtend:250 - Standard Zip Deflate
2024-09-25 19:24:59,611 [INFO] ServerAccessManage:362 - Download File PacksControlFlags.xml
2024-09-25 19:24:59,998 [INFO] ServerAccessManage:362 - Download File cubemx.pidx
2024-09-25 19:25:01,014 [WARN] MainUpdater:1122 - Updater busy. Cannot search thirdparties
2024-09-25 19:25:01,015 [INFO] ThirdPartyUpdaterWithRetryManager:92 - Updater plugin is busy. [1/15]
2024-09-25 19:25:01,302 [INFO] ServerAccessManage:362 - Download File STMicroelectronics.X-CUBE-NFC9.pdsc
2024-09-25 19:25:01,469 [INFO] ServerAccessManage:362 - Download File STMicroelectronics.X-CUBE-NFC10.pdsc
2024-09-25 19:25:02,117 [INFO] ServerAccessManage:362 - Download File STMicroelectronics.X-CUBE-TOUCHGFX.pdsc
2024-09-25 19:25:04,020 [WARN] MainUpdater:1122 - Updater busy. Cannot search thirdparties
2024-09-25 19:25:04,020 [INFO] ThirdPartyUpdaterWithRetryManager:92 - Updater plugin is busy. [2/15]
2024-09-25 19:25:05,898 [WARN] PackLoader:238 - Cannot read IP mode file for STMicroelectronics.X-CUBE-NFC9.1.0.0
2024-09-25 19:25:05,910 [WARN] PackLoader:238 - Cannot read IP mode file for STMicroelectronics.X-CUBE-NFC10.1.0.0
2024-09-25 19:25:05,920 [WARN] PackLoader:238 - Cannot read IP mode file for STMicroelectronics.X-CUBE-TOUCHGFX.4.24.1
2024-09-25 19:25:05,921 [INFO] PopulateThirdPartyThread:60 - Ending populate Thread
2024-09-25 19:25:05,922 [INFO] ThirdParty:967 - CMSIS Pack Vendor :STMicroelectronics X-CUBE-NFC9 1.0.0
2024-09-25 19:25:05,922 [INFO] ThirdParty:967 - CMSIS Pack Vendor :STMicroelectronics X-CUBE-NFC10 1.0.0
2024-09-25 19:25:05,922 [INFO] ThirdParty:967 - CMSIS Pack Vendor :STMicroelectronics X-CUBE-TOUCHGFX 4.24.1
2024-09-25 19:25:05,923 [INFO] LoadServerUpdatesThread:339 - End of LoadServerUpdate Thread
2024-09-25 19:25:06,030 [INFO] CheckServerUpdateThread:112 - End of CheckServer Thread
2024-09-25 19:25:06,044 [INFO] MainUpdater:2671 - connection check result : 10
2024-09-25 19:25:06,093 [INFO] McuFinderGlobals:52 - Set McuFinderConnectedMode to true
2024-09-25 19:25:06,404 [INFO] ServerAccessManage:362 - Download File mcusAds.json._tmp_
2024-09-25 19:25:06,545 [INFO] LoadUrlFilesThread:145 - End of LoadUrlFiles Thread
2024-09-25 19:25:07,027 [WARN] MainUpdater:1122 - Updater busy. Cannot search thirdparties
2024-09-25 19:25:07,027 [INFO] ThirdPartyUpdaterWithRetryManager:92 - Updater plugin is busy. [3/15]
2024-09-25 19:25:07,218 [INFO] ServerAccessManage:362 - Download File mcusDocs.json._tmp_
2024-09-25 19:25:07,963 [INFO] LoadUrlFilesThread:145 - End of LoadUrlFiles Thread
2024-09-25 19:25:08,193 [INFO] ServerAccessManage:362 - Download File mcusFeaturesAndDescription.json._tmp_
2024-09-25 19:25:08,825 [INFO] LoadUrlFilesThread:145 - End of LoadUrlFiles Thread
2024-09-25 19:25:09,048 [INFO] ServerAccessManage:362 - Download File boardsDocs.json._tmp_
2024-09-25 19:25:09,188 [INFO] LoadUrlFilesThread:145 - End of LoadUrlFiles Thread
2024-09-25 19:25:09,475 [INFO] ServerAccessManage:362 - Download File boards.json._tmp_
2024-09-25 19:25:10,025 [INFO] LoadUrlFilesThread:145 - End of LoadUrlFiles Thread
2024-09-25 19:25:10,032 [WARN] MainUpdater:1122 - Updater busy. Cannot search thirdparties
2024-09-25 19:25:10,032 [INFO] ThirdPartyUpdaterWithRetryManager:92 - Updater plugin is busy. [4/15]
2024-09-25 19:25:10,143 [INFO] ServerAccessManage:362 - Download File cube-finder-db.zip
2024-09-25 19:25:12,346 [INFO] FileExtend:235 - Unzip File : cube-finder-db.zip
2024-09-25 19:25:12,346 [INFO] FileExtend:250 - Standard Zip Deflate
2024-09-25 19:25:13,039 [WARN] MainUpdater:1122 - Updater busy. Cannot search thirdparties
2024-09-25 19:25:13,039 [INFO] ThirdPartyUpdaterWithRetryManager:92 - Updater plugin is busy. [5/15]
2024-09-25 19:25:13,911 [INFO] LoadUrlFilesThread:145 - End of LoadUrlFiles Thread
2024-09-25 19:25:15,095 [INFO] ServerAccessManage:362 - Download File crdb.zip
2024-09-25 19:25:16,042 [WARN] MainUpdater:1122 - Updater busy. Cannot search thirdparties
2024-09-25 19:25:16,042 [INFO] ThirdPartyUpdaterWithRetryManager:92 - Updater plugin is busy. [6/15]
2024-09-25 19:25:16,401 [INFO] FileExtend:235 - Unzip File : crdb.zip
2024-09-25 19:25:16,401 [INFO] FileExtend:250 - Standard Zip Deflate
2024-09-25 19:25:16,575 [INFO] LoadUrlFilesThread:145 - End of LoadUrlFiles Thread
2024-09-25 19:25:16,743 [INFO] ServerAccessManage:362 - Download File tutoVideoDB.zip
2024-09-25 19:25:16,765 [INFO] FileExtend:235 - Unzip File : tutoVideoDB.zip
2024-09-25 19:25:16,766 [INFO] FileExtend:250 - Standard Zip Deflate
2024-09-25 19:25:16,932 [INFO] LoadUrlFilesThread:145 - End of LoadUrlFiles Thread
2024-09-25 19:25:16,947 [INFO] DbMcusAds:47 - JSON generation date=Fri Sep 20 20:04:23 ICT 2024 (1726837463113)
2024-09-25 19:25:16,966 [INFO] DbMcusDocs:143 - JSON generation date=Tue Nov 16 23:17:54 ICT 2021 (1637079474)
2024-09-25 19:25:16,967 [INFO] DbMcusXml:100 - Load MCU database from C:\ST\STM32CubeIDE_1.7.0\STM32CubeIDE\plugins\com.st.stm32cube.common.mx_6.3.0.202107141111\\db\/mcu/families.xml
2024-09-25 19:25:17,908 [INFO] DbMcusJson:93 - JSON generation date=Tue Nov 16 23:17:54 ICT 2021 (1637079474)
2024-09-25 19:25:18,727 [INFO] DbMcus:175 - Found 1951 MCUs (1903 are supported by CubeMX, 1914 are visible in CubeMX)
2024-09-25 19:25:18,740 [INFO] ApiDb:251 - Load user favorites file C:\Users\thuan/.stm32cubeide/favorites.mcus.txt: 1 item(s)
2024-09-25 19:25:18,740 [INFO] ApiDb:255 - User favorites MCUs=[STM32F103C6Ux]
2024-09-25 19:25:18,741 [INFO] DbMcus:187 - Set 1 / 1 favorites MCUs
2024-09-25 19:25:19,135 [INFO] DbMcusDocs:79 - Found 682 MCUs documents
2024-09-25 19:25:19,138 [INFO] ApiDb:276 - Save user favorites file C:\Users\thuan/.stm32cubeide/favorites.mcus.txt: 1 item(s)
2024-09-25 19:25:19,138 [INFO] ApiDb:280 - User favorites MCUs=[STM32F103C6Ux]
2024-09-25 19:25:19,138 [INFO] DbMcusXml:100 - Load MCU database from C:\ST\STM32CubeIDE_1.7.0\STM32CubeIDE\plugins\com.st.stm32cube.common.mx_6.3.0.202107141111\\db\/mcu/families.xml
2024-09-25 19:25:19,218 [ERROR] Engine:463 - C:\Users\thuan\.stm32cubemx\thirdparties\pdsc\STMicroelectronics.FP-SNS-MOTENVWB1.1.4.0.pdsc: PDSC version is not supported
2024-09-25 19:25:19,248 [ERROR] Engine:463 - C:\Users\thuan\.stm32cubemx\thirdparties\pdsc\STMicroelectronics.X-CUBE-SMBUS.2.1.0.pdsc: PDSC version is not supported
2024-09-25 19:25:19,314 [WARN] PackLoader:238 - Cannot read IP mode file for STMicroelectronics.X-CUBE-AZRTOS-F7.1.1.0
2024-09-25 19:25:19,432 [WARN] PackLoader:238 - Cannot read IP mode file for STMicroelectronics.X-CUBE-MEMS1.11.0.0
2024-09-25 19:25:19,666 [ERROR] Engine:463 - C:\Users\thuan\.stm32cubemx\thirdparties\pdsc\STMicroelectronics.FP-SNS-FLIGHT1.5.0.2.pdsc: PDSC version is not supported
2024-09-25 19:25:19,687 [ERROR] Engine:463 - C:\Users\thuan\.stm32cubemx\thirdparties\pdsc\STMicroelectronics.X-CUBE-DISPLAY.3.0.0.pdsc: PDSC version is not supported
2024-09-25 19:25:19,708 [WARN] PackLoader:238 - Cannot read IP mode file for STMicroelectronics.X-CUBE-BLE1.7.0.0
2024-09-25 19:25:19,722 [WARN] PackLoader:238 - Cannot read IP mode file for STMicroelectronics.X-CUBE-NFC10.1.0.0
2024-09-25 19:25:19,809 [ERROR] Engine:463 - C:\Users\thuan\.stm32cubemx\thirdparties\pdsc\emotas.I-CUBE-CANOPEN.1.3.0.pdsc: PDSC version is not supported
2024-09-25 19:25:19,834 [ERROR] Engine:463 - C:\Users\thuan\.stm32cubemx\thirdparties\pdsc\STMicroelectronics.X-CUBE-BLEMGR.3.1.0.pdsc: PDSC version is not supported
2024-09-25 19:25:19,849 [ERROR] Engine:463 - C:\Users\thuan\.stm32cubemx\thirdparties\pdsc\STMicroelectronics.FP-SNS-SMARTAG2.1.2.0.pdsc: PDSC version is not supported
2024-09-25 19:25:19,886 [INFO] LogOutputStream:76 - [STDOUT_REDIRECT] 1 : Invalid condition id : UX_CORESTACK_Condition cause : null
2024-09-25 19:25:19,893 [INFO] LogOutputStream:76 - [STDOUT_REDIRECT] 1 : Invalid condition id : UX_CORESTACK_Condition cause : null
2024-09-25 19:25:19,894 [INFO] LogOutputStream:76 - [STDOUT_REDIRECT] 1 : Invalid condition id : UX_CORESTACK_Condition cause : null
2024-09-25 19:25:19,896 [INFO] LogOutputStream:76 - [STDOUT_REDIRECT] 1 : Invalid condition id : UX_CORESTACK_Condition cause : null
2024-09-25 19:25:19,897 [INFO] LogOutputStream:76 - [STDOUT_REDIRECT] 1 : Invalid condition id : UX_CORESTACK_Condition cause : null
2024-09-25 19:25:19,901 [WARN] PackLoader:238 - Cannot read IP mode file for STMicroelectronics.X-CUBE-AZRTOS-WL.2.0.0
2024-09-25 19:25:19,922 [ERROR] Engine:463 - C:\Users\thuan\.stm32cubemx\thirdparties\pdsc\STMicroelectronics.FP-SNS-MOTENV1.5.0.0.pdsc: PDSC version is not supported
2024-09-25 19:25:19,928 [WARN] PackLoader:238 - Cannot read IP mode file for wolfSSL.I-CUBE-wolfMQTT.1.19.0
2024-09-25 19:25:19,948 [WARN] PackLoader:238 - Cannot read IP mode file for WES.I-CUBE-Cesium.1.3.0
2024-09-25 19:25:19,978 [WARN] PackLoader:238 - Cannot read IP mode file for STMicroelectronics.X-CUBE-BLE2.3.3.0
2024-09-25 19:25:19,985 [WARN] PackLoader:238 - Cannot read IP mode file for STMicroelectronics.X-CUBE-NFC9.1.0.0
2024-09-25 19:25:20,008 [ERROR] Engine:463 - C:\Users\thuan\.stm32cubemx\thirdparties\pdsc\STMicroelectronics.X-CUBE-TCPP.4.1.0.pdsc: PDSC version is not supported
2024-09-25 19:25:20,077 [WARN] PackLoader:238 - Cannot read IP mode file for STMicroelectronics.X-CUBE-AZRTOS-G0.1.1.0
2024-09-25 19:25:20,103 [WARN] PackLoader:238 - Cannot read IP mode file for STMicroelectronics.X-CUBE-SAFEA1.1.2.2
2024-09-25 19:25:20,128 [WARN] PackLoader:238 - Cannot read IP mode file for STMicroelectronics.X-CUBE-NFC4.3.0.0
2024-09-25 19:25:20,132 [INFO] DbMcusJson:93 - JSON generation date=Tue Nov 16 23:17:54 ICT 2021 (1637079474)
2024-09-25 19:25:20,147 [ERROR] Engine:463 - C:\Users\thuan\.stm32cubemx\thirdparties\pdsc\EmbeddedOffice.I-CUBE-FS-RTOS.1.0.1.pdsc: PDSC version is not supported
2024-09-25 19:25:20,169 [ERROR] Engine:463 - C:\Users\thuan\.stm32cubemx\thirdparties\pdsc\RealThread.X-CUBE-RT-Thread_Nano.4.1.1.pdsc: PDSC version is not supported
2024-09-25 19:25:20,177 [WARN] PackLoader:238 - Cannot read IP mode file for STMicroelectronics.FP-ATR-SIGFOX1.3.2.0
2024-09-25 19:25:20,198 [WARN] PackLoader:238 - Cannot read IP mode file for wolfSSL.I-CUBE-wolfSSL.5.7.2
2024-09-25 19:25:20,224 [WARN] PackLoader:238 - Cannot read IP mode file for STMicroelectronics.X-CUBE-EEPRMA1.5.1.0
2024-09-25 19:25:20,247 [ERROR] Engine:463 - C:\Users\thuan\.stm32cubemx\thirdparties\pdsc\ITTIA_DB.I-CUBE-ITTIADB.8.9.0.pdsc: PDSC version is not supported
2024-09-25 19:25:20,322 [WARN] PackLoader:238 - Cannot read IP mode file for SEGGER.I-CUBE-embOS.1.3.1
2024-09-25 19:25:20,419 [WARN] PackLoader:238 - Cannot read IP mode file for STMicroelectronics.X-CUBE-ALGOBUILD.1.4.0
2024-09-25 19:25:20,444 [WARN] PackLoader:238 - Cannot read IP mode file for STMicroelectronics.X-CUBE-GNSS1.6.0.0
2024-09-25 19:25:20,499 [WARN] PackLoader:238 - Cannot read IP mode file for STMicroelectronics.X-CUBE-AZRTOS-F4.1.1.0
2024-09-25 19:25:20,525 [WARN] PackLoader:238 - Cannot read IP mode file for STMicroelectronics.X-CUBE-ISPU.2.1.0
2024-09-25 19:25:20,569 [ERROR] Engine:463 - C:\Users\thuan\.stm32cubemx\thirdparties\pdsc\STMicroelectronics.X-CUBE-FREERTOS.1.2.0.pdsc: PDSC version is not supported
2024-09-25 19:25:20,617 [WARN] PackLoader:238 - Cannot read IP mode file for STMicroelectronics.X-CUBE-AZRTOS-L5.2.0.0
2024-09-25 19:25:20,648 [WARN] PackLoader:238 - Cannot read IP mode file for STMicroelectronics.X-CUBE-NFC6.3.1.0
2024-09-25 19:25:20,671 [ERROR] Engine:463 - C:\Users\thuan\.stm32cubemx\thirdparties\pdsc\STMicroelectronics.X-CUBE-DPower.1.2.0.pdsc: PDSC version is not supported
2024-09-25 19:25:20,693 [WARN] PackLoader:238 - Cannot read IP mode file for STMicroelectronics.X-CUBE-AI.9.0.0
2024-09-25 19:25:20,717 [WARN] PackLoader:238 - Cannot read IP mode file for STMicroelectronics.X-CUBE-NFC7.1.0.1
2024-09-25 19:25:20,797 [WARN] ConditionMgr:437 - getConditionDescription Invalid condition id : LAN8742 Phy interface Condition cause : null
2024-09-25 19:25:20,798 [WARN] PackLoader:238 - Cannot read IP mode file for STMicroelectronics.X-CUBE-AZRTOS-L4.2.0.0
2024-09-25 19:25:20,800 [WARN] ConditionMgr:1038 - genDependencies : Invalid condition id : LAN8742 Phy interface Condition cause : null
2024-09-25 19:25:20,800 [WARN] ConditionMgr:1038 - genDependencies : Invalid condition id : LAN8742 Phy interface Condition cause : null
2024-09-25 19:25:20,801 [WARN] ConditionMgr:1038 - genDependencies : Invalid condition id : LAN8742 Phy interface Condition cause : null
2024-09-25 19:25:20,822 [WARN] PackLoader:238 - Cannot read IP mode file for STMicroelectronics.X-CUBE-SFXS2LP1.4.0.0
2024-09-25 19:25:20,863 [INFO] DbMcus:175 - Found 1951 MCUs (1903 are supported by CubeMX, 1914 are visible in CubeMX)
2024-09-25 19:25:20,865 [INFO] ApiDb:251 - Load user favorites file C:\Users\thuan/.stm32cubeide/favorites.mcus.txt: 1 item(s)
2024-09-25 19:25:20,865 [INFO] ApiDb:255 - User favorites MCUs=[STM32F103C6Ux]
2024-09-25 19:25:20,865 [INFO] DbMcus:187 - Set 1 / 1 favorites MCUs
2024-09-25 19:25:20,873 [INFO] DbBoardsDocs:143 - JSON generation date=Tue Nov 16 23:17:54 ICT 2021 (1637079474)
2024-09-25 19:25:20,873 [WARN] PackLoader:238 - Cannot read IP mode file for STMicroelectronics.X-CUBE-AZRTOS-H7.3.3.0
2024-09-25 19:25:20,921 [INFO] DbBoardsPdsc:90 - Found 25 items
2024-09-25 19:25:20,922 [WARN] ConditionMgr:437 - getConditionDescription Invalid condition id : UX DEVICE CLASS RTOS Condition cause : null
2024-09-25 19:25:20,922 [WARN] ConditionMgr:437 - getConditionDescription Invalid condition id : UX DEVICE CLASS RTOS Condition cause : null
2024-09-25 19:25:20,925 [WARN] PackLoader:238 - Cannot read IP mode file for STMicroelectronics.X-CUBE-AZRTOS-WB.2.0.0
2024-09-25 19:25:20,925 [WARN] ConditionMgr:1038 - genDependencies : Invalid condition id : UX DEVICE CLASS RTOS Condition cause : null
2024-09-25 19:25:20,925 [WARN] ConditionMgr:1038 - genDependencies : Invalid condition id : UX DEVICE CLASS RTOS Condition cause : null
2024-09-25 19:25:20,930 [WARN] ConditionMgr:1038 - genDependencies : Invalid condition id : UX DEVICE CLASS RTOS Condition cause : null
2024-09-25 19:25:20,931 [WARN] ConditionMgr:1038 - genDependencies : Invalid condition id : UX DEVICE CLASS RTOS Condition cause : null
2024-09-25 19:25:20,931 [WARN] ConditionMgr:1038 - genDependencies : Invalid condition id : UX DEVICE CLASS RTOS Condition cause : null
2024-09-25 19:25:20,942 [INFO] DbBoardsPdsc:90 - Found 9 items
2024-09-25 19:25:20,955 [WARN] PackLoader:238 - Cannot read IP mode file for STMicroelectronics.X-CUBE-GNSS1.7.0.0
2024-09-25 19:25:20,975 [INFO] DbBoardsPdsc:90 - Found 33 items
2024-09-25 19:25:20,980 [ERROR] Engine:463 - C:\Users\thuan\.stm32cubemx\thirdparties\pdsc\STMicroelectronics.FP-SNS-STBOX1.2.0.0.pdsc: PDSC version is not supported
2024-09-25 19:25:20,994 [INFO] DbBoardsPdsc:90 - Found 1 items
2024-09-25 19:25:21,009 [WARN] PackLoader:238 - Cannot read IP mode file for STMicroelectronics.X-CUBE-SUBG2.5.0.0
2024-09-25 19:25:21,020 [ERROR] Engine:463 - C:\Users\thuan\.stm32cubemx\thirdparties\pdsc\Cesanta.I-CUBE-Mongoose.7.13.0.pdsc: PDSC version is not supported
2024-09-25 19:25:21,021 [INFO] DbBoardsPdsc:90 - Found 48 items
2024-09-25 19:25:21,046 [INFO] DbBoardsPdsc:90 - Found 43 items
2024-09-25 19:25:21,055 [WARN] PackLoader:238 - Cannot read IP mode file for STMicroelectronics.X-CUBE-AZRTOS-G4.2.0.0
2024-09-25 19:25:21,066 [INFO] DbBoardsPdsc:90 - Found 2 items
2024-09-25 19:25:21,078 [WARN] PackLoader:238 - Cannot read IP mode file for STMicroelectronics.X-CUBE-ISPU.2.0.0
2024-09-25 19:25:21,083 [INFO] DbBoardsPdsc:90 - Found 5 items
2024-09-25 19:25:21,090 [WARN] DbBoardsPdsc:254 - Board STM32H7B3I-DK: unknown feature type=Audio, name=, username=Audio stereo codec with Headphone Amp (CS42L51-CNZ), n=1
2024-09-25 19:25:21,091 [WARN] DbBoardsPdsc:254 - Board STM32H735G-DK: unknown feature type=Audio, name=, username=Audio stereo codec with Headphone Amp (WM8994ECS/R), n=1
2024-09-25 19:25:21,092 [WARN] DbBoardsPdsc:254 - Board STM32H7B3I-EVAL: unknown feature type=Audio, name=, username=Multi-Channel Audio Codec (CS42L51-CNZ), n=1
2024-09-25 19:25:21,093 [WARN] DbBoardsPdsc:254 - Board STM32H7B3I-EVAL: unknown feature type=Meter, name=, username=Power-metering and Temperature-monitoring with sigma-delta modulators, n=1
2024-09-25 19:25:21,093 [WARN] DbBoardsPdsc:254 - Board STM32H7B3I-EVAL: unknown feature type=Motor, name=, username=Motor Control, n=1
2024-09-25 19:25:21,093 [WARN] DbBoardsPdsc:254 - Board STM32U575I-EV: unknown feature type=joystick, name=, username=4-direction joystick with selection button, n=1
2024-09-25 19:25:21,095 [ERROR] Engine:463 - C:\Users\thuan\.stm32cubemx\thirdparties\pdsc\STMicroelectronics.X-CUBE-ALS.1.0.2.pdsc: PDSC version is not supported
2024-09-25 19:25:21,111 [WARN] PackLoader:238 - Cannot read IP mode file for STMicroelectronics.X-CUBE-TOUCHGFX.4.24.0
2024-09-25 19:25:21,112 [INFO] DbBoardsJson:86 - JSON generation date=Tue Nov 16 23:17:54 ICT 2021 (1637079474)
2024-09-25 19:25:21,113 [WARN] PackLoader:238 - Cannot read IP mode file for STMicroelectronics.X-CUBE-TOUCHGFX.4.24.1
2024-09-25 19:25:21,120 [INFO] DbBoards:117 - Found 167 boards (163 are supported by CubeMX)
2024-09-25 19:25:21,121 [INFO] DbBoardsDocs:143 - JSON generation date=Tue Nov 16 23:17:54 ICT 2021 (1637079474)
2024-09-25 19:25:21,126 [INFO] DbBoardsDocs:79 - Found 209 boards documents
2024-09-25 19:25:21,128 [WARN] DbBoards:127 - board B-L475E-IOT01A2 has no document id list !
2024-09-25 19:25:21,129 [WARN] DbBoards:127 - board NUCLEO-H743ZI has no document id list !
2024-09-25 19:25:21,129 [WARN] DbBoards:127 - board NUCLEO-WL55JC2 has no document id list !
2024-09-25 19:25:21,130 [WARN] DbBoards:127 - board P-NUCLEO-WB55-Nucleo has no document id list !
2024-09-25 19:25:21,130 [WARN] DbBoards:127 - board P-NUCLEO-WB55-USBDongle has no document id list !
2024-09-25 19:25:21,130 [WARN] DbBoards:127 - board STEVAL-BFA001V1B has no document id list !
2024-09-25 19:25:21,130 [WARN] DbBoards:127 - board STEVAL-BFA001V2B has no document id list !
2024-09-25 19:25:21,130 [WARN] DbBoards:127 - board STEVAL-IDP005V1 has no document id list !
2024-09-25 19:25:21,130 [WARN] DbBoards:127 - board STEVAL-IDP005V2 has no document id list !
2024-09-25 19:25:21,130 [WARN] DbBoards:127 - board STEVAL-MKSBOX1V1 has no document id list !
2024-09-25 19:25:21,130 [WARN] DbBoards:127 - board STEVAL-STWINKT1 has no document id list !
2024-09-25 19:25:21,130 [WARN] DbBoards:127 - board STEVAL-STWINKT1B has no document id list !
2024-09-25 19:25:21,130 [WARN] DbBoards:127 - board STM32439I-EVAL2 has no document id list !
2024-09-25 19:25:21,131 [WARN] DbBoards:127 - board STM32F401C-DISCO has no document id list !
2024-09-25 19:25:21,131 [WARN] PackLoader:238 - Cannot read IP mode file for wolfSSL.I-CUBE-wolfTPM.3.4.0
2024-09-25 19:25:21,131 [WARN] DbBoards:127 - board STM32F769I-DISC1 has no document id list !
2024-09-25 19:25:21,131 [WARN] DbBoards:127 - board STM32G474E-EVAL1 has no document id list !
2024-09-25 19:25:21,131 [WARN] DbBoards:127 - board STM32H743I-EVAL2 has no document id list !
2024-09-25 19:25:21,131 [WARN] DbBoards:127 - board STM32H747I-DISC1 has no document id list !
2024-09-25 19:25:21,131 [WARN] DbBoards:127 - board STM32H753I-EVAL2 has no document id list !
2024-09-25 19:25:21,132 [WARN] DbBoards:127 - board STM32L-DISCOVERY has no document id list !
2024-09-25 19:25:21,147 [WARN] PackLoader:238 - Cannot read IP mode file for portGmbH.I-Cube-SoM-uGOAL.1.1.0
2024-09-25 19:25:21,197 [WARN] PackLoader:238 - Cannot read IP mode file for STMicroelectronics.X-CUBE-AZRTOS-H7RS.1.0.0
2024-09-25 19:25:21,220 [WARN] PackLoader:238 - Cannot read IP mode file for STMicroelectronics.FP-ATR-ASTRA1.2.0.0
2024-09-25 19:25:21,247 [ERROR] Engine:463 - C:\Users\thuan\.stm32cubemx\thirdparties\pdsc\STMicroelectronics.X-CUBE-TOF1.3.4.2.pdsc: PDSC version is not supported
2024-09-25 19:25:21,273 [ERROR] Engine:463 - C:\Users\thuan\.stm32cubemx\thirdparties\pdsc\Infineon.AIROC-Wi-Fi-Bluetooth-STM32.1.6.1.pdsc: PDSC version is not supported
2024-09-25 19:25:21,280 [WARN] PackLoader:238 - Cannot read IP mode file for wolfSSL.I-CUBE-wolfSSH.1.4.17
2024-09-25 19:25:21,280 [INFO] ThirdParty:915 - Integrity check success = true
2024-09-25 19:25:21,280 [INFO] IntegrityCheckThread:94 - exiting critical section [integrity check]
2024-09-25 19:25:21,280 [INFO] IntegrityCheckThread:97 - End integrity checks thread
2024-09-25 19:25:21,337 [ERROR] DbBoards:189 - Image file not found for board B-U585I-IOT02A: C:\ST\STM32CubeIDE_1.7.0\STM32CubeIDE\plugins\com.st.stm32cube.common.mx_6.3.0.202107141111\\db\/plugins/mcufinder/images/boards/B-U585I-IOT02A_small.jpg
2024-09-25 19:25:21,451 [ERROR] DbBoards:189 - Image file not found for board NUCLEO-F413ZH: C:\ST\STM32CubeIDE_1.7.0\STM32CubeIDE\plugins\com.st.stm32cube.common.mx_6.3.0.202107141111\\db\/plugins/mcufinder/images/boards/nucleo-f413zh_small.jpg
2024-09-25 19:25:21,648 [ERROR] DbBoards:189 - Image file not found for board NUCLEO-L552ZE-Q: C:\ST\STM32CubeIDE_1.7.0\STM32CubeIDE\plugins\com.st.stm32cube.common.mx_6.3.0.202107141111\\db\/plugins/mcufinder/images/boards/nucleo_l552ze_q_small.jpg
2024-09-25 19:25:21,648 [ERROR] DbBoards:189 - Image file not found for board NUCLEO-U575ZI-Q: C:\ST\STM32CubeIDE_1.7.0\STM32CubeIDE\plugins\com.st.stm32cube.common.mx_6.3.0.202107141111\\db\/plugins/mcufinder/images/boards/nucleo-u575zi-q_small.jpg
2024-09-25 19:25:21,648 [ERROR] DbBoards:189 - Image file not found for board NUCLEO-WB15CC: C:\ST\STM32CubeIDE_1.7.0\STM32CubeIDE\plugins\com.st.stm32cube.common.mx_6.3.0.202107141111\\db\/plugins/mcufinder/images/boards/nucleo-wb15cc_small.jpg
2024-09-25 19:25:21,648 [ERROR] DbBoards:189 - Image file not found for board NUCLEO-WB55RG: C:\ST\STM32CubeIDE_1.7.0\STM32CubeIDE\plugins\com.st.stm32cube.common.mx_6.3.0.202107141111\\db\/plugins/mcufinder/images/boards/nucleo-wb55rg_small.jpg
2024-09-25 19:25:22,755 [INFO] ApiDb:251 - Load user favorites file C:\Users\thuan/.stm32cubeide/favorites.boards.txt: 0 item(s)
2024-09-25 19:25:22,755 [INFO] ApiDb:255 - User favorites Boards=[]
2024-09-25 19:25:22,755 [INFO] DbBoards:206 - Set 0 / 0 favorites Boards
2024-09-25 19:25:22,758 [INFO] DbBoardsDocs:79 - Found 418 boards documents
2024-09-25 19:25:22,758 [INFO] ApiDb:276 - Save user favorites file C:\Users\thuan/.stm32cubeide/favorites.boards.txt: 0 item(s)
2024-09-25 19:25:22,758 [INFO] ApiDb:280 - User favorites Boards=[]
2024-09-25 19:25:22,761 [INFO] DbBoardsPdsc:90 - Found 25 items
2024-09-25 19:25:22,762 [INFO] DbBoardsPdsc:90 - Found 9 items
2024-09-25 19:25:22,765 [INFO] DbBoardsPdsc:90 - Found 33 items
2024-09-25 19:25:22,766 [INFO] DbBoardsPdsc:90 - Found 1 items
2024-09-25 19:25:22,770 [INFO] DbBoardsPdsc:90 - Found 48 items
2024-09-25 19:25:22,775 [INFO] DbBoardsPdsc:90 - Found 43 items
2024-09-25 19:25:22,776 [INFO] DbBoardsPdsc:90 - Found 2 items
2024-09-25 19:25:22,778 [INFO] DbBoardsPdsc:90 - Found 5 items
2024-09-25 19:25:22,780 [WARN] DbBoardsPdsc:254 - Board STM32H7B3I-DK: unknown feature type=Audio, name=, username=Audio stereo codec with Headphone Amp (CS42L51-CNZ), n=1
2024-09-25 19:25:22,780 [WARN] DbBoardsPdsc:254 - Board STM32H735G-DK: unknown feature type=Audio, name=, username=Audio stereo codec with Headphone Amp (WM8994ECS/R), n=1
2024-09-25 19:25:22,781 [WARN] DbBoardsPdsc:254 - Board STM32H7B3I-EVAL: unknown feature type=Audio, name=, username=Multi-Channel Audio Codec (CS42L51-CNZ), n=1
2024-09-25 19:25:22,781 [WARN] DbBoardsPdsc:254 - Board STM32H7B3I-EVAL: unknown feature type=Meter, name=, username=Power-metering and Temperature-monitoring with sigma-delta modulators, n=1
2024-09-25 19:25:22,781 [WARN] DbBoardsPdsc:254 - Board STM32H7B3I-EVAL: unknown feature type=Motor, name=, username=Motor Control, n=1
2024-09-25 19:25:22,781 [WARN] DbBoardsPdsc:254 - Board STM32U575I-EV: unknown feature type=joystick, name=, username=4-direction joystick with selection button, n=1
2024-09-25 19:25:22,801 [INFO] DbBoardsJson:86 - JSON generation date=Tue Nov 16 23:17:54 ICT 2021 (1637079474)
2024-09-25 19:25:22,804 [INFO] DbBoards:117 - Found 167 boards (163 are supported by CubeMX)
2024-09-25 19:25:22,804 [WARN] DbBoards:127 - board B-L475E-IOT01A2 has no document id list !
2024-09-25 19:25:22,805 [WARN] DbBoards:127 - board NUCLEO-H743ZI has no document id list !
2024-09-25 19:25:22,806 [WARN] DbBoards:127 - board NUCLEO-WL55JC2 has no document id list !
2024-09-25 19:25:22,806 [WARN] DbBoards:127 - board P-NUCLEO-WB55-Nucleo has no document id list !
2024-09-25 19:25:22,806 [WARN] DbBoards:127 - board P-NUCLEO-WB55-USBDongle has no document id list !
2024-09-25 19:25:22,806 [WARN] DbBoards:127 - board STEVAL-BFA001V1B has no document id list !
2024-09-25 19:25:22,806 [WARN] DbBoards:127 - board STEVAL-BFA001V2B has no document id list !
2024-09-25 19:25:22,806 [WARN] DbBoards:127 - board STEVAL-IDP005V1 has no document id list !
2024-09-25 19:25:22,806 [WARN] DbBoards:127 - board STEVAL-IDP005V2 has no document id list !
2024-09-25 19:25:22,806 [WARN] DbBoards:127 - board STEVAL-MKSBOX1V1 has no document id list !
2024-09-25 19:25:22,806 [WARN] DbBoards:127 - board STEVAL-STWINKT1 has no document id list !
2024-09-25 19:25:22,806 [WARN] DbBoards:127 - board STEVAL-STWINKT1B has no document id list !
2024-09-25 19:25:22,806 [WARN] DbBoards:127 - board STM32439I-EVAL2 has no document id list !
2024-09-25 19:25:22,806 [WARN] DbBoards:127 - board STM32F401C-DISCO has no document id list !
2024-09-25 19:25:22,806 [WARN] DbBoards:127 - board STM32F769I-DISC1 has no document id list !
2024-09-25 19:25:22,806 [WARN] DbBoards:127 - board STM32G474E-EVAL1 has no document id list !
2024-09-25 19:25:22,806 [WARN] DbBoards:127 - board STM32H743I-EVAL2 has no document id list !
2024-09-25 19:25:22,806 [WARN] DbBoards:127 - board STM32H747I-DISC1 has no document id list !
2024-09-25 19:25:22,806 [WARN] DbBoards:127 - board STM32H753I-EVAL2 has no document id list !
2024-09-25 19:25:22,807 [WARN] DbBoards:127 - board STM32L-DISCOVERY has no document id list !
2024-09-25 19:25:22,875 [ERROR] DbBoards:189 - Image file not found for board B-U585I-IOT02A: C:\ST\STM32CubeIDE_1.7.0\STM32CubeIDE\plugins\com.st.stm32cube.common.mx_6.3.0.202107141111\\db\/plugins/mcufinder/images/boards/B-U585I-IOT02A_small.jpg
2024-09-25 19:25:22,946 [ERROR] DbBoards:189 - Image file not found for board NUCLEO-F413ZH: C:\ST\STM32CubeIDE_1.7.0\STM32CubeIDE\plugins\com.st.stm32cube.common.mx_6.3.0.202107141111\\db\/plugins/mcufinder/images/boards/nucleo-f413zh_small.jpg
2024-09-25 19:25:23,109 [ERROR] DbBoards:189 - Image file not found for board NUCLEO-L552ZE-Q: C:\ST\STM32CubeIDE_1.7.0\STM32CubeIDE\plugins\com.st.stm32cube.common.mx_6.3.0.202107141111\\db\/plugins/mcufinder/images/boards/nucleo_l552ze_q_small.jpg
2024-09-25 19:25:23,110 [ERROR] DbBoards:189 - Image file not found for board NUCLEO-U575ZI-Q: C:\ST\STM32CubeIDE_1.7.0\STM32CubeIDE\plugins\com.st.stm32cube.common.mx_6.3.0.202107141111\\db\/plugins/mcufinder/images/boards/nucleo-u575zi-q_small.jpg
2024-09-25 19:25:23,110 [ERROR] DbBoards:189 - Image file not found for board NUCLEO-WB15CC: C:\ST\STM32CubeIDE_1.7.0\STM32CubeIDE\plugins\com.st.stm32cube.common.mx_6.3.0.202107141111\\db\/plugins/mcufinder/images/boards/nucleo-wb15cc_small.jpg
2024-09-25 19:25:23,110 [ERROR] DbBoards:189 - Image file not found for board NUCLEO-WB55RG: C:\ST\STM32CubeIDE_1.7.0\STM32CubeIDE\plugins\com.st.stm32cube.common.mx_6.3.0.202107141111\\db\/plugins/mcufinder/images/boards/nucleo-wb55rg_small.jpg
2024-09-25 19:25:23,831 [INFO] ApiDb:251 - Load user favorites file C:\Users\thuan/.stm32cubeide/favorites.boards.txt: 0 item(s)
2024-09-25 19:25:23,831 [INFO] ApiDb:255 - User favorites Boards=[]
2024-09-25 19:25:23,831 [INFO] DbBoards:206 - Set 0 / 0 favorites Boards
2024-09-25 19:25:23,849 [INFO] LoadUrlFilesThread:172 - End of LoadServerUrlFiles without Thread
2024-09-25 19:25:23,849 [INFO] TargetSelectorAdapter:224 - Refresh data is successful
2024-09-25 19:25:24,112 [INFO] ApiDb:479 - Connected to CubeFinder SQLite database (C:\Users\thuan\.stmcufinder\plugins\mcufinder\mcu\cube-finder-db.db)
2024-09-25 19:25:25,299 [ERROR] DbExamplesSqlite:446 - Missing JSON key: board_cpn
2024-09-25 19:25:25,300 [ERROR] DbExamplesSqlite:446 - Missing JSON key: board_cpn
2024-09-25 19:25:25,300 [ERROR] DbExamplesSqlite:446 - Missing JSON key: board_cpn
2024-09-25 19:25:25,300 [ERROR] DbExamplesSqlite:446 - Missing JSON key: board_cpn
2024-09-25 19:25:25,433 [ERROR] DbExamplesSqlite:446 - Missing JSON key: board_cpn
2024-09-25 19:25:25,434 [ERROR] DbExamplesSqlite:446 - Missing JSON key: board_cpn
2024-09-25 19:25:25,434 [ERROR] DbExamplesSqlite:446 - Missing JSON key: board_cpn
2024-09-25 19:25:25,434 [ERROR] DbExamplesSqlite:446 - Missing JSON key: board_cpn
2024-09-25 19:25:25,434 [ERROR] DbExamplesSqlite:446 - Missing JSON key: board_cpn
2024-09-25 19:25:25,435 [ERROR] DbExamplesSqlite:446 - Missing JSON key: board_cpn
2024-09-25 19:25:25,435 [ERROR] DbExamplesSqlite:446 - Missing JSON key: board_cpn
2024-09-25 19:25:25,435 [ERROR] DbExamplesSqlite:446 - Missing JSON key: board_cpn
2024-09-25 19:25:25,435 [ERROR] DbExamplesSqlite:446 - Missing JSON key: board_cpn
2024-09-25 19:25:25,436 [INFO] DbExamplesSqlite:411 - Ignored 28 examples not supported by CubeIDE
2024-09-25 19:25:25,436 [INFO] DbExamplesSqlite:412 - Found 8614 examples active
2024-09-25 19:25:25,436 [INFO] DbExamplesSqlite:413 - Found 0 examples obsolete
2024-09-25 19:25:25,436 [INFO] DbExamplesSqlite:414 - Found 0 examples under development
2024-09-25 19:25:25,436 [INFO] DbExamplesSqlite:415 - Found 10 examples not building
2024-09-25 19:25:25,533 [INFO] DbExamplesSqlite:108 - CubeFinder database Data Model version=2.1
2024-09-25 19:25:25,533 [INFO] DbExamplesSqlite:109 - CubeFinder database Configuration version=3.0.39
2024-09-25 19:25:25,533 [INFO] DbExamplesSqlite:110 - CubeFinder database generation date=2024-09-16 (1726485674)
2024-09-25 19:25:25,533 [INFO] DbExamplesSqlite:111 - CubeFinder database FW Pack versions=[FP-ATR-ASTRA1_V2.0.0, FP-SNS-FLIGHT1_V5.0.2, FP-SNS-MOTENV1_V5.0.0, FP-SNS-MOTENVWB1_V1.4.0, FP-SNS-SMARTAG2_V1.2.0, FP-SNS-STBOX1_V2.0.0, STM32Cube_FW_C0_V1.2.0, STM32Cube_FW_F4_V1.28.1, STM32Cube_FW_F7_V1.17.2, STM32Cube_FW_G0_V1.6.2, STM32Cube_FW_G4_V1.6.0, STM32Cube_FW_H5_V1.3.0, STM32Cube_FW_H7RS_V1.1.0, STM32Cube_FW_H7_V1.11.2, STM32Cube_FW_L0_V1.12.2, STM32Cube_FW_L5_V1.5.1, STM32Cube_FW_U0_V1.1.0, STM32Cube_FW_U5_V1.6.0, STM32Cube_FW_WB0_V1.0.0, STM32Cube_FW_WBA_V1.4.1, STM32Cube_FW_WB_V1.20.0, STM32Cube_FW_WL_V1.3.0, X-CUBE-ALGOBUILD_V1.4.0, X-CUBE-ALS_V1.0.2, X-CUBE-AZRTOS-F4_V1.1.0, X-CUBE-AZRTOS-F7_V1.1.0, X-CUBE-AZRTOS-G0_V1.1.0, X-CUBE-AZRTOS-G4_V2.0.0, X-CUBE-AZRTOS-H7RS_V1.0.0, X-CUBE-AZRTOS-H7_V3.2.0, X-CUBE-AZRTOS-L4_V2.0.0, X-CUBE-AZRTOS-L5_V2.0.0, X-CUBE-AZRTOS-WB_V2.0.0, X-CUBE-AZRTOS-WL_V2.0.0, X-CUBE-BLE1_V7.0.0, X-CUBE-BLE2_V3.3.0, X-CUBE-BLEMGR_V3.1.0, X-CUBE-EEPRMA1_V5.1.0, X-CUBE-FREERTOS_V1.2.0, X-CUBE-GNSS1_V6.0.0, X-CUBE-MEMS1_V11.0.0, X-CUBE-NFC4_V3.0.0, X-CUBE-NFC7_V1.0.1, X-CUBE-SFXS2LP1_V4.0.0, X-CUBE-SUBG2_V5.0.0, X-CUBE-TOF1_V3.4.2]
2024-09-25 19:25:25,534 [INFO] DbExamples:130 - Found 8596 examples
2024-09-25 19:25:26,276 [ERROR] DbExamples:206 - Found 8596 examples with invalid data (board or MCU)
2024-09-25 19:25:26,277 [INFO] DbExamples:222 - Found 80 boards with related examples
2024-09-25 19:25:26,277 [INFO] DbExamples:235 - Found 0 MCUs with related examples
2024-09-25 19:25:26,298 [INFO] ApiDb:251 - Load user favorites file C:\Users\thuan/.stm32cubeide/favorites.examples.txt: 0 item(s)
2024-09-25 19:25:26,298 [INFO] ApiDb:255 - User favorites Examples=[]
2024-09-25 19:25:26,298 [INFO] DbExamples:256 - Set 0 / 0 favorites Examples
2024-09-25 19:25:26,806 [INFO] McuFinderGlobals:52 - Set McuFinderConnectedMode to false
2024-09-25 19:25:27,011 [INFO] CrossSelectorPresenter:1330 - Cross Selector saved comparison directory: C:\Users\thuan\.stmcufinder\plugins\mcufinder\mcu\cs_comparisons_mx
2024-09-25 19:25:27,021 [INFO] MultiScanPanel:197 - Auto-refresh data requested => check proxy status ongoing
2024-09-25 19:25:27,021 [INFO] MultiScanPanel:201 - Proxy status is invalid
2024-09-25 19:25:27,025 [INFO] FinderPluginLoader:87 - Searching for filters in installed packs
2024-09-25 19:25:27,913 [INFO] DetailPanel:309 - Set advertising image to C:/Users/thuan/STM32Cube/Repository/\en.prom-stm32c071-usb-memories-mcu-finder.png
2024-09-25 19:25:28,649 [INFO] MultiScanPanel:735 - adjusting invalid saved split location: -0.06
2024-09-25 19:25:28,999 [INFO] MultiScanPanel:735 - adjusting invalid saved split location: -0.06
2024-09-25 19:25:29,218 [INFO] MultiScanPanel:735 - adjusting invalid saved split location: -0.06
2024-09-25 19:27:10,108 [INFO] MainUpdater:2671 - connection check result : 10
2024-09-25 19:27:10,109 [INFO] MainUpdater:2671 - connection check result : 10
2024-09-25 19:27:10,339 [INFO] MicroXplorer:448 - Change Database Path : 
2024-09-25 19:27:10,340 [INFO] MicroXplorer:478 - Change Database Version : DB.6.0.30
2024-09-25 19:27:10,340 [WARN] ThirdParty:813 - waiting for thirdparty lock release [close project]
2024-09-25 19:27:10,340 [INFO] ThirdParty:815 - entering critical section [close project]
2024-09-25 19:27:10,342 [INFO] ThirdParty:825 - exiting critical section [close project]
2024-09-25 19:27:10,347 [INFO] PinOutPanel:1463 - setPackage(No Configuration,No Configuration)
2024-09-25 19:27:10,348 [INFO] UtilMem:74 - Begin LoadConfig() Used Memory: 833701912 Bytes (943718400)
2024-09-25 19:27:10,350 [INFO] MicroXplorer:448 - Change Database Path : 
2024-09-25 19:27:10,350 [INFO] MicroXplorer:478 - Change Database Version : DB.6.0.30
2024-09-25 19:27:10,350 [INFO] OpenFileManager:313 - Change cursor
2024-09-25 19:27:11,115 [INFO] Context:592 - Trying to add GPIOservice into a context  which must be forbidden
2024-09-25 19:27:11,506 [INFO] ImportTextPane:167 - (OptionalMessage_ERROR) Unable to find key (Mcu.ThirdPartyNb) in loaded IOC file
2024-09-25 19:27:11,506 [INFO] ImportTextPane:167 - (OptionalMessage_ERROR) Unable to find key (Mcu.PinsNb) in loaded IOC file
2024-09-25 19:27:11,506 [INFO] ImportTextPane:167 - (OptionalMessage_ERROR) Unable to find key (Mcu.IPNb) in loaded IOC file
2024-09-25 19:27:11,758 [WARN] ApiManager:304 - Cannot register API 'Board Extension:NFC09A1' from pack STMicroelectronics.X-CUBE-NFC9.1.0.0: no header file found
2024-09-25 19:27:11,760 [WARN] ApiManager:304 - Cannot register API 'Board Extension:GNSS1A1' from pack STMicroelectronics.X-CUBE-GNSS1.6.0.0: no header file found
2024-09-25 19:27:11,760 [WARN] ApiManager:304 - Cannot register API 'Board Support:Custom' from pack STMicroelectronics.X-CUBE-GNSS1.6.0.0: no header file found
2024-09-25 19:27:11,760 [WARN] ApiManager:304 - Cannot register API 'Data Exchange:lib_gnss' from pack STMicroelectronics.X-CUBE-GNSS1.6.0.0: no header file found
2024-09-25 19:27:11,766 [WARN] ApiManager:304 - Cannot register API 'Board Extension:GNSS1A1' from pack STMicroelectronics.X-CUBE-GNSS1.7.0.0: no header file found
2024-09-25 19:27:11,766 [WARN] ApiManager:304 - Cannot register API 'Board Support:Custom' from pack STMicroelectronics.X-CUBE-GNSS1.7.0.0: no header file found
2024-09-25 19:27:11,766 [WARN] ApiManager:304 - Cannot register API 'Data Exchange:lib_gnss' from pack STMicroelectronics.X-CUBE-GNSS1.7.0.0: no header file found
2024-09-25 19:27:11,774 [WARN] ApiManager:304 - Cannot register API 'Board Extension:NFC06A1' from pack STMicroelectronics.X-CUBE-NFC6.3.1.0: no header file found
2024-09-25 19:27:11,774 [WARN] ApiManager:304 - Cannot register API 'Board Extension:NFC08A1' from pack STMicroelectronics.X-CUBE-NFC6.3.1.0: no header file found
2024-09-25 19:27:11,899 [WARN] ApiManager:304 - Cannot register API 'Board Extension:IKS01A3' from pack STMicroelectronics.X-CUBE-MEMS1.11.0.0: no header file found
2024-09-25 19:27:11,899 [WARN] ApiManager:304 - Cannot register API 'Board Extension:IKS02A1' from pack STMicroelectronics.X-CUBE-MEMS1.11.0.0: no header file found
2024-09-25 19:27:11,900 [WARN] ApiManager:304 - Cannot register API 'Board Extension:IKS4A1' from pack STMicroelectronics.X-CUBE-MEMS1.11.0.0: no header file found
2024-09-25 19:27:11,905 [INFO] RtosManager:484 - Registered RTOS mode: class=CMSIS, group=RTOS, mode=CMSIS_V1, owner=FREERTOS
2024-09-25 19:27:11,905 [INFO] RtosManager:484 - Registered RTOS mode: class=CMSIS, group=RTOS2, mode=CMSIS_V2, owner=FREERTOS
2024-09-25 19:27:11,905 [INFO] RtosManager:484 - Registered RTOS mode: class=RTOS, group=Core, mode=CMSIS_V1, owner=FREERTOS
2024-09-25 19:27:11,905 [INFO] RtosManager:484 - Registered RTOS mode: class=RTOS, group=Core, mode=CMSIS_V2, owner=FREERTOS
2024-09-25 19:27:11,905 [WARN] ModelIntegratedComponent:181 - Missing modes for component STMicroelectronics:FreeRTOS:0.0.1:STMicroelectronics:RTOS:FreeRTOS:Core:::10.2.0:
2024-09-25 19:27:11,906 [WARN] ApiManager:304 - Cannot register API 'Board Extension:STSAFEA1' from pack STMicroelectronics.X-CUBE-SAFEA1.1.2.2: no header file found
2024-09-25 19:27:11,907 [WARN] ApiManager:304 - Cannot register API 'Board Part:STSAFEA110' from pack STMicroelectronics.X-CUBE-SAFEA1.1.2.2: no header file found
2024-09-25 19:27:11,907 [WARN] ApiManager:304 - Cannot register API 'Security:ST_Cryptolib' from pack STMicroelectronics.X-CUBE-SAFEA1.1.2.2: no header file found
2024-09-25 19:27:11,907 [WARN] ApiManager:304 - Cannot register API 'Security:MbedTLS' from pack STMicroelectronics.X-CUBE-SAFEA1.1.2.2: no header file found
2024-09-25 19:27:11,907 [WARN] ApiManager:304 - Cannot register API 'Board Extension:NFC04A1' from pack STMicroelectronics.X-CUBE-NFC4.3.0.0: no header file found
2024-09-25 19:27:11,909 [WARN] ApiManager:304 - Cannot register API 'Board Extension:S2868A1' from pack STMicroelectronics.X-CUBE-SUBG2.5.0.0: no header file found
2024-09-25 19:27:11,909 [WARN] ApiManager:304 - Cannot register API 'Board Extension:S2868A2' from pack STMicroelectronics.X-CUBE-SUBG2.5.0.0: no header file found
2024-09-25 19:27:11,910 [WARN] ApiManager:304 - Cannot register API 'Board Extension:S2915A1' from pack STMicroelectronics.X-CUBE-SUBG2.5.0.0: no header file found
2024-09-25 19:27:11,911 [WARN] ApiManager:304 - Cannot register API 'Wireless:BlueNRG-MS' from pack STMicroelectronics.X-CUBE-BLE1.7.0.0: no header file found
2024-09-25 19:27:11,912 [WARN] ApiManager:304 - Cannot register API 'Board Extension:NFC10A1' from pack STMicroelectronics.X-CUBE-NFC10.1.0.0: no header file found
2024-09-25 19:27:11,912 [WARN] ApiManager:304 - Cannot register API 'Board Extension:EEPRMA2' from pack STMicroelectronics.X-CUBE-EEPRMA1.5.1.0: no header file found
2024-09-25 19:27:11,912 [WARN] ApiManager:304 - Cannot register API 'Board Extension:PGEEZ1' from pack STMicroelectronics.X-CUBE-EEPRMA1.5.1.0: no header file found
2024-09-25 19:27:11,913 [WARN] ApiManager:304 - Cannot register API 'Board Extension:EEICA1' from pack STMicroelectronics.X-CUBE-EEPRMA1.5.1.0: no header file found
2024-09-25 19:27:11,913 [WARN] ApiManager:304 - Cannot register API 'Board Part:M24' from pack STMicroelectronics.X-CUBE-EEPRMA1.5.1.0: no header file found
2024-09-25 19:27:11,913 [WARN] ApiManager:304 - Cannot register API 'Board Part:M95' from pack STMicroelectronics.X-CUBE-EEPRMA1.5.1.0: no header file found
2024-09-25 19:27:11,913 [WARN] ApiManager:304 - Cannot register API 'Board Part:M95P32' from pack STMicroelectronics.X-CUBE-EEPRMA1.5.1.0: no header file found
2024-09-25 19:27:11,913 [WARN] ApiManager:304 - Cannot register API 'Board Part:M24256E-F' from pack STMicroelectronics.X-CUBE-EEPRMA1.5.1.0: no header file found
2024-09-25 19:27:11,913 [WARN] ApiManager:304 - Cannot register API 'Board Part:M24M01E-F' from pack STMicroelectronics.X-CUBE-EEPRMA1.5.1.0: no header file found
2024-09-25 19:27:11,913 [WARN] ApiManager:304 - Cannot register API 'PGEEZ1:SPI' from pack STMicroelectronics.X-CUBE-EEPRMA1.5.1.0: no header file found
2024-09-25 19:27:11,913 [WARN] ApiManager:304 - Cannot register API 'PGEEZ1:QDSPI' from pack STMicroelectronics.X-CUBE-EEPRMA1.5.1.0: no header file found
2024-09-25 19:27:11,913 [WARN] ModelIntegratedComponent:60 - No mode defined for component null
2024-09-25 19:27:11,915 [WARN] ModelIntegratedComponent:60 - No mode defined for component null
2024-09-25 19:27:11,915 [WARN] ModelIntegratedComponent:60 - No mode defined for component null
2024-09-25 19:27:11,915 [WARN] ModelIntegratedComponent:60 - No mode defined for component null
2024-09-25 19:27:11,915 [WARN] ModelIntegratedComponent:60 - No mode defined for component null
2024-09-25 19:27:11,915 [WARN] ModelIntegratedComponent:60 - No mode defined for component null
2024-09-25 19:27:11,915 [WARN] ModelIntegratedComponent:60 - No mode defined for component null
2024-09-25 19:27:11,915 [WARN] ModelIntegratedComponent:60 - No mode defined for component null
2024-09-25 19:27:11,915 [WARN] ModelIntegratedComponent:60 - No mode defined for component null
2024-09-25 19:27:11,915 [WARN] ModelIntegratedComponent:60 - No mode defined for component null
2024-09-25 19:27:11,915 [WARN] ModelIntegratedComponent:60 - No mode defined for component null
2024-09-25 19:27:11,915 [WARN] ModelIntegratedComponent:60 - No mode defined for component null
2024-09-25 19:27:11,915 [WARN] ModelIntegratedComponent:60 - No mode defined for component null
2024-09-25 19:27:11,915 [WARN] ModelIntegratedComponent:60 - No mode defined for component null
2024-09-25 19:27:11,915 [WARN] ModelIntegratedComponent:60 - No mode defined for component null
2024-09-25 19:27:11,915 [WARN] ModelIntegratedComponent:60 - No mode defined for component null
2024-09-25 19:27:11,915 [WARN] ModelIntegratedComponent:60 - No mode defined for component null
2024-09-25 19:27:11,915 [WARN] ModelIntegratedComponent:60 - No mode defined for component null
2024-09-25 19:27:11,915 [WARN] ModelIntegratedComponent:60 - No mode defined for component null
2024-09-25 19:27:11,915 [WARN] ModelIntegratedComponent:60 - No mode defined for component null
2024-09-25 19:27:11,915 [WARN] ModelIntegratedComponent:60 - No mode defined for component null
2024-09-25 19:27:11,915 [WARN] ModelIntegratedComponent:60 - No mode defined for component null
2024-09-25 19:27:11,915 [WARN] ModelIntegratedComponent:60 - No mode defined for component null
2024-09-25 19:27:11,915 [WARN] ModelIntegratedComponent:60 - No mode defined for component null
2024-09-25 19:27:11,915 [WARN] ModelIntegratedComponent:60 - No mode defined for component null
2024-09-25 19:27:11,915 [WARN] ModelIntegratedComponent:60 - No mode defined for component null
2024-09-25 19:27:11,916 [WARN] ModelIntegratedComponent:60 - No mode defined for component null
2024-09-25 19:27:11,916 [WARN] ModelIntegratedComponent:60 - No mode defined for component null
2024-09-25 19:27:11,916 [WARN] ModelIntegratedComponent:60 - No mode defined for component null
2024-09-25 19:27:11,916 [WARN] ModelIntegratedComponent:60 - No mode defined for component null
2024-09-25 19:27:11,916 [WARN] ModelIntegratedComponent:60 - No mode defined for component null
2024-09-25 19:27:11,916 [WARN] ApiManager:304 - Cannot register API 'Board Extension:NFC07A1' from pack STMicroelectronics.X-CUBE-NFC7.1.0.1: no header file found
2024-09-25 19:27:11,927 [WARN] ApiManager:304 - Cannot register API 'Board Extension:S2868A1' from pack STMicroelectronics.X-CUBE-SFXS2LP1.4.0.0: no header file found
2024-09-25 19:27:11,927 [WARN] ApiManager:304 - Cannot register API 'Board Extension:S2868A2' from pack STMicroelectronics.X-CUBE-SFXS2LP1.4.0.0: no header file found
2024-09-25 19:27:11,927 [WARN] ApiManager:304 - Cannot register API 'Board Extension:S2915A1' from pack STMicroelectronics.X-CUBE-SFXS2LP1.4.0.0: no header file found
2024-09-25 19:27:11,927 [WARN] ApiManager:304 - Cannot register API 'Wireless:BlueNRG-2' from pack STMicroelectronics.X-CUBE-BLE2.3.3.0: no header file found
2024-09-25 19:27:13,173 [INFO] UtilMem:74 - End LoadConfig() Used Memory: 836894976 Bytes (943718400)
2024-09-25 19:27:13,185 [WARN] ThirdParty:779 - waiting for thirdparty lock release [change project]
2024-09-25 19:27:13,185 [INFO] ThirdParty:781 - entering critical section [change project]
2024-09-25 19:27:13,185 [INFO] ThirdParty:967 - CMSIS Pack Vendor :STMicroelectronics X-CUBE-AZRTOS-H7 3.3.0
2024-09-25 19:27:13,185 [INFO] ThirdParty:967 - CMSIS Pack Vendor :STMicroelectronics X-CUBE-NFC9 1.0.0
2024-09-25 19:27:13,185 [INFO] ThirdParty:967 - CMSIS Pack Vendor :STMicroelectronics X-CUBE-GNSS1 6.0.0
2024-09-25 19:27:13,185 [INFO] ThirdParty:967 - CMSIS Pack Vendor :STMicroelectronics USB_HOST 2.0.0
2024-09-25 19:27:13,185 [INFO] ThirdParty:967 - CMSIS Pack Vendor :STMicroelectronics X-CUBE-AZRTOS-F4 1.1.0
2024-09-25 19:27:13,185 [INFO] ThirdParty:967 - CMSIS Pack Vendor :STMicroelectronics USB_DEVICE 3.0.0
2024-09-25 19:27:13,185 [INFO] ThirdParty:967 - CMSIS Pack Vendor :STMicroelectronics X-CUBE-ISPU 2.1.0
2024-09-25 19:27:13,185 [INFO] ThirdParty:967 - CMSIS Pack Vendor :STMicroelectronics X-CUBE-AZRTOS-WB 2.0.0
2024-09-25 19:27:13,185 [INFO] ThirdParty:967 - CMSIS Pack Vendor :STMicroelectronics X-CUBE-GNSS1 7.0.0
2024-09-25 19:27:13,185 [INFO] ThirdParty:967 - CMSIS Pack Vendor :STMicroelectronics X-CUBE-AZRTOS-F7 1.1.0
2024-09-25 19:27:13,185 [INFO] ThirdParty:967 - CMSIS Pack Vendor :STMicroelectronics X-CUBE-AZRTOS-L5 2.0.0
2024-09-25 19:27:13,185 [INFO] ThirdParty:967 - CMSIS Pack Vendor :STMicroelectronics USB_DEVICE 2.0.0
2024-09-25 19:27:13,185 [INFO] ThirdParty:967 - CMSIS Pack Vendor :STMicroelectronics X-CUBE-NFC6 3.1.0
2024-09-25 19:27:13,185 [INFO] ThirdParty:967 - CMSIS Pack Vendor :STMicroelectronics X-CUBE-MEMS1 11.0.0
2024-09-25 19:27:13,185 [INFO] ThirdParty:967 - CMSIS Pack Vendor :STMicroelectronics FreeRTOS 0.0.1
2024-09-25 19:27:13,185 [INFO] ThirdParty:967 - CMSIS Pack Vendor :STMicroelectronics X-CUBE-AZRTOS-G0 1.1.0
2024-09-25 19:27:13,185 [INFO] ThirdParty:967 - CMSIS Pack Vendor :STMicroelectronics X-CUBE-SAFEA1 1.2.2
2024-09-25 19:27:13,185 [INFO] ThirdParty:967 - CMSIS Pack Vendor :STMicroelectronics X-CUBE-NFC4 3.0.0
2024-09-25 19:27:13,185 [INFO] ThirdParty:967 - CMSIS Pack Vendor :STMicroelectronics X-CUBE-SUBG2 5.0.0
2024-09-25 19:27:13,185 [INFO] ThirdParty:967 - CMSIS Pack Vendor :STMicroelectronics lwIP 2.0.3
2024-09-25 19:27:13,185 [INFO] ThirdParty:967 - CMSIS Pack Vendor :STMicroelectronics USB_HOST 1.0.0
2024-09-25 19:27:13,185 [INFO] ThirdParty:967 - CMSIS Pack Vendor :STMicroelectronics X-CUBE-AI 9.0.0
2024-09-25 19:27:13,185 [INFO] ThirdParty:967 - CMSIS Pack Vendor :STMicroelectronics X-CUBE-AZRTOS-G4 2.0.0
2024-09-25 19:27:13,185 [INFO] ThirdParty:967 - CMSIS Pack Vendor :STMicroelectronics PDM2PCM 3.1.0
2024-09-25 19:27:13,185 [INFO] ThirdParty:967 - CMSIS Pack Vendor :STMicroelectronics PDM2PCM 3.3.0
2024-09-25 19:27:13,186 [INFO] ThirdParty:967 - CMSIS Pack Vendor :STMicroelectronics X-CUBE-BLE1 7.0.0
2024-09-25 19:27:13,186 [INFO] ThirdParty:967 - CMSIS Pack Vendor :STMicroelectronics FP-ATR-SIGFOX1 3.2.0
2024-09-25 19:27:13,186 [INFO] ThirdParty:967 - CMSIS Pack Vendor :STMicroelectronics X-CUBE-NFC10 1.0.0
2024-09-25 19:27:13,186 [INFO] ThirdParty:967 - CMSIS Pack Vendor :wolfSSL I-CUBE-wolfSSL 5.7.2
2024-09-25 19:27:13,186 [INFO] ThirdParty:967 - CMSIS Pack Vendor :STMicroelectronics X-CUBE-ISPU 2.0.0
2024-09-25 19:27:13,186 [INFO] ThirdParty:967 - CMSIS Pack Vendor :STMicroelectronics X-CUBE-EEPRMA1 5.1.0
2024-09-25 19:27:13,186 [INFO] ThirdParty:967 - CMSIS Pack Vendor :STMicroelectronics HAL Drivers 0.0.0
2024-09-25 19:27:13,186 [INFO] ThirdParty:967 - CMSIS Pack Vendor :STMicroelectronics MBEDTLS 2.16.2
2024-09-25 19:27:13,186 [INFO] ThirdParty:967 - CMSIS Pack Vendor :STMicroelectronics X-CUBE-NFC7 1.0.1
2024-09-25 19:27:13,186 [INFO] ThirdParty:967 - CMSIS Pack Vendor :STMicroelectronics MBEDTLS 2.14.1
2024-09-25 19:27:13,186 [INFO] ThirdParty:967 - CMSIS Pack Vendor :STMicroelectronics X-CUBE-TOUCHGFX 4.24.0
2024-09-25 19:27:13,186 [INFO] ThirdParty:967 - CMSIS Pack Vendor :STMicroelectronics X-CUBE-TOUCHGFX 4.24.1
2024-09-25 19:27:13,186 [INFO] ThirdParty:967 - CMSIS Pack Vendor :wolfSSL I-CUBE-wolfTPM 3.4.0
2024-09-25 19:27:13,186 [INFO] ThirdParty:967 - CMSIS Pack Vendor :portGmbH I-Cube-SoM-uGOAL 1.1.0
2024-09-25 19:27:13,186 [INFO] ThirdParty:967 - CMSIS Pack Vendor :STMicroelectronics X-CUBE-AZRTOS-WL 2.0.0
2024-09-25 19:27:13,186 [INFO] ThirdParty:967 - CMSIS Pack Vendor :SEGGER I-CUBE-embOS 1.3.1
2024-09-25 19:27:13,186 [INFO] ThirdParty:967 - CMSIS Pack Vendor :STMicroelectronics X-CUBE-ALGOBUILD 1.4.0
2024-09-25 19:27:13,186 [INFO] ThirdParty:967 - CMSIS Pack Vendor :STMicroelectronics USB_DEVICE 1.0.0
2024-09-25 19:27:13,186 [INFO] ThirdParty:967 - CMSIS Pack Vendor :STMicroelectronics X-CUBE-AZRTOS-H7RS 1.0.0
2024-09-25 19:27:13,186 [INFO] ThirdParty:967 - CMSIS Pack Vendor :wolfSSL I-CUBE-wolfMQTT 1.19.0
2024-09-25 19:27:13,186 [INFO] ThirdParty:967 - CMSIS Pack Vendor :STMicroelectronics X-CUBE-AZRTOS-L4 2.0.0
2024-09-25 19:27:13,186 [INFO] ThirdParty:967 - CMSIS Pack Vendor :STMicroelectronics ThreadX 0.0.2
2024-09-25 19:27:13,186 [INFO] ThirdParty:967 - CMSIS Pack Vendor :WES I-CUBE-Cesium 1.3.0
2024-09-25 19:27:13,186 [INFO] ThirdParty:967 - CMSIS Pack Vendor :STMicroelectronics FP-ATR-ASTRA1 2.0.0
2024-09-25 19:27:13,186 [INFO] ThirdParty:967 - CMSIS Pack Vendor :STMicroelectronics lwIP 2.1.2
2024-09-25 19:27:13,186 [INFO] ThirdParty:967 - CMSIS Pack Vendor :STMicroelectronics X-CUBE-SFXS2LP1 4.0.0
2024-09-25 19:27:13,186 [INFO] ThirdParty:967 - CMSIS Pack Vendor :STMicroelectronics X-CUBE-BLE2 3.3.0
2024-09-25 19:27:13,186 [INFO] ThirdParty:967 - CMSIS Pack Vendor :STMicroelectronics PDM2PCM 3.2.0
2024-09-25 19:27:13,186 [INFO] ThirdParty:967 - CMSIS Pack Vendor :wolfSSL I-CUBE-wolfSSH 1.4.17
2024-09-25 19:27:13,186 [INFO] ThirdParty:787 - exiting critical section [change project]
2024-09-25 19:27:13,393 [INFO] PinOutPanel:1463 - setPackage(No Configuration,No Configuration)
2024-09-25 19:27:13,395 [INFO] PinOutPanel:1463 - setPackage(STM32F103C6Ux,UFQFPN48)
2024-09-25 19:27:13,683 [INFO] UtilMem:74 - Before build in PCC Used Memory: 853239576 Bytes (943718400)
2024-09-25 19:27:14,177 [INFO] UtilMem:74 - After build in PCC Used Memory: 852527104 Bytes (943718400)
2024-09-25 19:27:14,196 [INFO] IPUIPlugin:74 - create IPUIPlugin
2024-09-25 19:27:14,196 [INFO] IPUIPlugin:74 - create IPUIPlugin
2024-09-25 19:27:14,196 [INFO] IPUIPlugin:74 - create IPUIPlugin
2024-09-25 19:27:14,197 [INFO] IPUIPlugin:74 - create IPUIPlugin
2024-09-25 19:27:14,197 [INFO] IPUIPlugin:74 - create IPUIPlugin
2024-09-25 19:27:14,197 [INFO] IPUIPlugin:74 - create IPUIPlugin
2024-09-25 19:27:14,197 [INFO] IPUIPlugin:74 - create IPUIPlugin
2024-09-25 19:27:14,197 [INFO] IPUIPlugin:74 - create IPUIPlugin
2024-09-25 19:27:14,198 [INFO] IPUIPlugin:74 - create IPUIPlugin
2024-09-25 19:27:14,198 [INFO] IPUIPlugin:74 - create IPUIPlugin
2024-09-25 19:27:14,198 [INFO] IPUIPlugin:74 - create IPUIPlugin
2024-09-25 19:27:14,198 [INFO] IPUIPlugin:74 - create IPUIPlugin
2024-09-25 19:27:14,198 [INFO] IPUIPlugin:74 - create IPUIPlugin
2024-09-25 19:27:14,198 [INFO] IPUIPlugin:74 - create IPUIPlugin
2024-09-25 19:27:14,198 [INFO] IPUIPlugin:74 - create IPUIPlugin
2024-09-25 19:27:14,199 [INFO] IPUIPlugin:74 - create IPUIPlugin
2024-09-25 19:27:14,199 [INFO] IPUIPlugin:74 - create IPUIPlugin
2024-09-25 19:27:14,199 [INFO] IPUIPlugin:74 - create IPUIPlugin
2024-09-25 19:27:14,199 [INFO] IPUIPlugin:74 - create IPUIPlugin
2024-09-25 19:27:14,199 [INFO] IPUIPlugin:74 - create IPUIPlugin
2024-09-25 19:27:14,200 [INFO] IPUIPlugin:74 - create IPUIPlugin
2024-09-25 19:27:14,200 [INFO] IPUIPlugin:74 - create IPUIPlugin
2024-09-25 19:27:14,200 [INFO] IPUIPlugin:74 - create IPUIPlugin
2024-09-25 19:27:14,317 [INFO] OpenFileManager:333 - Restore cursor
2024-09-25 19:27:14,613 [INFO] UtilMem:74 - End SaveConfig() Used Memory: 833723864 Bytes (943718400)
2024-09-25 19:27:14,645 [INFO] UtilMem:74 - End SaveConfig() Used Memory: 845629608 Bytes (943718400)
2024-09-25 19:27:14,924 [INFO] BlockDiagram:2740 - set Specific Code input for plugin: NVIC
2024-09-25 19:27:14,924 [INFO] BlockDiagram:2740 - set Specific Code input for plugin: SYS
2024-09-25 19:27:14,924 [INFO] BlockDiagram:2740 - set Specific Code input for plugin: RCC
2024-09-25 19:27:14,924 [INFO] CodeGenerator:663 - code generatio: config db path: C:\ST\STM32CubeIDE_1.7.0\STM32CubeIDE\plugins\com.st.stm32cube.common.mx_6.3.0.202107141111\\db\
2024-09-25 19:27:15,247 [INFO] CodeEngine:239 - oldGeneratedFile, C:\WORKS\Third_Year\Sem_1\VI_XL\LAB_2\TIMER_INTERUPT\MXTmpFiles\license.tmp_save
2024-09-25 19:27:15,598 [INFO] CodeEngine:257 - Generated code: C:\WORKS\Third_Year\Sem_1\VI_XL\LAB_2\TIMER_INTERUPT\MXTmpFiles\license.tmp
2024-09-25 19:27:15,734 [INFO] CodeEngine:239 - oldGeneratedFile, C:\WORKS\Third_Year\Sem_1\VI_XL\LAB_2\TIMER_INTERUPT\Core\Src\stm32f1xx_it.c_save
2024-09-25 19:27:15,858 [INFO] CodeEngine:257 - Generated code: C:\WORKS\Third_Year\Sem_1\VI_XL\LAB_2\TIMER_INTERUPT\Core\Src\stm32f1xx_it.c
2024-09-25 19:27:15,872 [INFO] CodeEngine:239 - oldGeneratedFile, C:\WORKS\Third_Year\Sem_1\VI_XL\LAB_2\TIMER_INTERUPT\Core\Inc\stm32f1xx_it.h_save
2024-09-25 19:27:15,953 [INFO] CodeEngine:257 - Generated code: C:\WORKS\Third_Year\Sem_1\VI_XL\LAB_2\TIMER_INTERUPT\Core\Inc\stm32f1xx_it.h
2024-09-25 19:27:15,973 [INFO] CodeEngine:239 - oldGeneratedFile, C:\WORKS\Third_Year\Sem_1\VI_XL\LAB_2\TIMER_INTERUPT\Core\Src\stm32f1xx_hal_msp.c_save
2024-09-25 19:27:16,100 [INFO] CodeEngine:257 - Generated code: C:\WORKS\Third_Year\Sem_1\VI_XL\LAB_2\TIMER_INTERUPT\Core\Src\stm32f1xx_hal_msp.c
2024-09-25 19:27:16,115 [INFO] CodeEngine:239 - oldGeneratedFile, C:\WORKS\Third_Year\Sem_1\VI_XL\LAB_2\TIMER_INTERUPT\MXTmpFiles\system.tmp_save
2024-09-25 19:27:16,175 [INFO] CodeEngine:257 - Generated code: C:\WORKS\Third_Year\Sem_1\VI_XL\LAB_2\TIMER_INTERUPT\MXTmpFiles\system.tmp
2024-09-25 19:27:16,196 [INFO] CodeEngine:239 - oldGeneratedFile, C:\WORKS\Third_Year\Sem_1\VI_XL\LAB_2\TIMER_INTERUPT\Core\Inc\stm32f1xx_hal_conf.h_save
2024-09-25 19:27:16,280 [INFO] CodeEngine:257 - Generated code: C:\WORKS\Third_Year\Sem_1\VI_XL\LAB_2\TIMER_INTERUPT\Core\Inc\stm32f1xx_hal_conf.h
2024-09-25 19:27:16,336 [INFO] CodeEngine:239 - oldGeneratedFile, C:\WORKS\Third_Year\Sem_1\VI_XL\LAB_2\TIMER_INTERUPT\Core\Inc\main.h_save
2024-09-25 19:27:16,436 [INFO] CodeEngine:257 - Generated code: C:\WORKS\Third_Year\Sem_1\VI_XL\LAB_2\TIMER_INTERUPT\Core\Inc\main.h
2024-09-25 19:27:16,450 [INFO] CodeEngine:239 - oldGeneratedFile, C:\WORKS\Third_Year\Sem_1\VI_XL\LAB_2\TIMER_INTERUPT\Core\Src\main.c_save
2024-09-25 19:27:16,565 [INFO] CodeEngine:257 - Generated code: C:\WORKS\Third_Year\Sem_1\VI_XL\LAB_2\TIMER_INTERUPT\Core\Src\main.c
2024-09-25 19:27:18,566 [INFO] ProjectBuilder:2578 - Time for Copy HAL[1] : 180mS.
2024-09-25 19:27:18,583 [INFO] ProjectBuilder:3622 - Project Generator version: 3.14.1
2024-09-25 19:27:19,489 [INFO] ConfigFileManager:1271 - The Die is : DIE412
2024-09-25 19:27:19,550 [INFO] ApiDbMcu:468 - Load IP Config File for FATFS
2024-09-25 19:27:19,609 [INFO] ApiDbMcu:468 - Load IP Config File for FREERTOS
2024-09-25 19:27:19,659 [INFO] ApiDbMcu:468 - Load IP Config File for USB_DEVICE
2024-09-25 19:27:26,423 [INFO] ProjectBuilder:3789 - Time for Generating toolchain IDE Files: 7840mS.
2024-09-25 19:27:26,424 [INFO] ProjectBuilder:2457 - Time for Copy CMSIS : 0mS.
2024-09-25 19:27:26,426 [INFO] ProjectBuilder:2457 - Time for Copy CMSIS : 0mS.
2024-09-25 19:27:27,317 [INFO] McuFinderGlobals:52 - Set McuFinderConnectedMode to true
2024-09-25 19:27:27,319 [INFO] ApiDb:276 - Save user favorites file C:\Users\thuan/.stm32cubeide/favorites.mcus.txt: 1 item(s)
2024-09-25 19:27:27,319 [INFO] ApiDb:280 - User favorites MCUs=[STM32F103C6Ux]
2024-09-25 19:30:25,987 [INFO] Gpio:254 - dependency for GPIO [SYS]
2024-09-25 19:30:53,683 [INFO] Gpio:254 - dependency for GPIO [SYS]
2024-09-25 19:32:00,670 [INFO] Gpio:254 - dependency for GPIO [SYS]
2024-09-25 19:39:21,991 [ERROR] LogOutputStream:74 - [STDERR_REDIRECT] Exception in thread "AWT-EventQueue-0" java.awt.IllegalComponentStateException: component must be showing on the screen to determine its location
2024-09-25 19:39:21,993 [ERROR] LogOutputStream:74 - [STDERR_REDIRECT] 	at java.desktop/java.awt.Component.getLocationOnScreen_NoTreeLock(Component.java:2101)
2024-09-25 19:39:21,994 [ERROR] LogOutputStream:74 - [STDERR_REDIRECT] 	at java.desktop/java.awt.Component.getLocationOnScreen(Component.java:2075)
2024-09-25 19:39:21,994 [ERROR] LogOutputStream:74 - [STDERR_REDIRECT] 	at java.desktop/javax.swing.JPopupMenu.show(JPopupMenu.java:940)
2024-09-25 19:39:21,994 [ERROR] LogOutputStream:74 - [STDERR_REDIRECT] 	at java.desktop/javax.swing.plaf.basic.BasicComboPopup.show(BasicComboPopup.java:235)
2024-09-25 19:39:21,996 [ERROR] LogOutputStream:74 - [STDERR_REDIRECT] 	at java.desktop/javax.swing.plaf.basic.BasicComboPopup.togglePopup(BasicComboPopup.java:1218)
2024-09-25 19:39:21,997 [ERROR] LogOutputStream:74 - [STDERR_REDIRECT] 	at java.desktop/javax.swing.plaf.basic.BasicComboPopup$Handler.mousePressed(BasicComboPopup.java:897)
2024-09-25 19:39:21,997 [ERROR] LogOutputStream:74 - [STDERR_REDIRECT] 	at java.desktop/java.awt.Component.processMouseEvent(Component.java:6632)
2024-09-25 19:39:21,998 [ERROR] LogOutputStream:74 - [STDERR_REDIRECT] 	at java.desktop/javax.swing.JComponent.processMouseEvent(JComponent.java:3342)
2024-09-25 19:39:21,998 [ERROR] LogOutputStream:74 - [STDERR_REDIRECT] 	at java.desktop/java.awt.Component.processEvent(Component.java:6400)
2024-09-25 19:39:21,998 [ERROR] LogOutputStream:74 - [STDERR_REDIRECT] 	at java.desktop/java.awt.Container.processEvent(Container.java:2263)
2024-09-25 19:39:21,999 [ERROR] LogOutputStream:74 - [STDERR_REDIRECT] 	at java.desktop/java.awt.Component.dispatchEventImpl(Component.java:5011)
2024-09-25 19:39:22,000 [ERROR] LogOutputStream:74 - [STDERR_REDIRECT] 	at java.desktop/java.awt.Container.dispatchEventImpl(Container.java:2321)
2024-09-25 19:39:22,001 [ERROR] LogOutputStream:74 - [STDERR_REDIRECT] 	at java.desktop/java.awt.Component.dispatchEvent(Component.java:4843)
2024-09-25 19:39:22,001 [ERROR] LogOutputStream:74 - [STDERR_REDIRECT] 	at java.desktop/javax.swing.plaf.basic.BasicTableUI$Handler.repostEvent(BasicTableUI.java:967)
2024-09-25 19:39:22,002 [ERROR] LogOutputStream:74 - [STDERR_REDIRECT] 	at java.desktop/javax.swing.plaf.basic.BasicTableUI$Handler.adjustSelection(BasicTableUI.java:1129)
2024-09-25 19:39:22,003 [ERROR] LogOutputStream:74 - [STDERR_REDIRECT] 	at java.desktop/javax.swing.plaf.basic.BasicTableUI$Handler.mousePressed(BasicTableUI.java:1057)
2024-09-25 19:39:22,004 [ERROR] LogOutputStream:74 - [STDERR_REDIRECT] 	at java.desktop/java.awt.AWTEventMulticaster.mousePressed(AWTEventMulticaster.java:288)
2024-09-25 19:39:22,005 [ERROR] LogOutputStream:74 - [STDERR_REDIRECT] 	at java.desktop/java.awt.AWTEventMulticaster.mousePressed(AWTEventMulticaster.java:287)
2024-09-25 19:39:22,006 [ERROR] LogOutputStream:74 - [STDERR_REDIRECT] 	at java.desktop/java.awt.AWTEventMulticaster.mousePressed(AWTEventMulticaster.java:287)
2024-09-25 19:39:22,007 [ERROR] LogOutputStream:74 - [STDERR_REDIRECT] 	at java.desktop/java.awt.AWTEventMulticaster.mousePressed(AWTEventMulticaster.java:287)
2024-09-25 19:39:22,008 [ERROR] LogOutputStream:74 - [STDERR_REDIRECT] 	at java.desktop/java.awt.Component.processMouseEvent(Component.java:6632)
2024-09-25 19:39:22,009 [ERROR] LogOutputStream:74 - [STDERR_REDIRECT] 	at java.desktop/javax.swing.JComponent.processMouseEvent(JComponent.java:3342)
2024-09-25 19:39:22,009 [ERROR] LogOutputStream:74 - [STDERR_REDIRECT] 	at java.desktop/java.awt.Component.processEvent(Component.java:6400)
2024-09-25 19:39:22,010 [ERROR] LogOutputStream:74 - [STDERR_REDIRECT] 	at java.desktop/java.awt.Container.processEvent(Container.java:2263)
2024-09-25 19:39:22,010 [ERROR] LogOutputStream:74 - [STDERR_REDIRECT] 	at java.desktop/java.awt.Component.dispatchEventImpl(Component.java:5011)
2024-09-25 19:39:22,011 [ERROR] LogOutputStream:74 - [STDERR_REDIRECT] 	at java.desktop/java.awt.Container.dispatchEventImpl(Container.java:2321)
2024-09-25 19:39:22,012 [ERROR] LogOutputStream:74 - [STDERR_REDIRECT] 	at java.desktop/java.awt.Component.dispatchEvent(Component.java:4843)
2024-09-25 19:39:22,012 [ERROR] LogOutputStream:74 - [STDERR_REDIRECT] 	at java.desktop/java.awt.LightweightDispatcher.retargetMouseEvent(Container.java:4918)
2024-09-25 19:39:22,013 [ERROR] LogOutputStream:74 - [STDERR_REDIRECT] 	at java.desktop/java.awt.LightweightDispatcher.processMouseEvent(Container.java:4544)
2024-09-25 19:39:22,013 [ERROR] LogOutputStream:74 - [STDERR_REDIRECT] 	at java.desktop/java.awt.LightweightDispatcher.dispatchEvent(Container.java:4488)
2024-09-25 19:39:22,014 [ERROR] LogOutputStream:74 - [STDERR_REDIRECT] 	at java.desktop/java.awt.Container.dispatchEventImpl(Container.java:2307)
2024-09-25 19:39:22,015 [ERROR] LogOutputStream:74 - [STDERR_REDIRECT] 	at java.desktop/java.awt.Component.dispatchEvent(Component.java:4843)
2024-09-25 19:39:22,016 [ERROR] LogOutputStream:74 - [STDERR_REDIRECT] 	at java.desktop/java.awt.EventQueue.dispatchEventImpl(EventQueue.java:772)
2024-09-25 19:39:22,016 [ERROR] LogOutputStream:74 - [STDERR_REDIRECT] 	at java.desktop/java.awt.EventQueue$4.run(EventQueue.java:721)
2024-09-25 19:39:22,017 [ERROR] LogOutputStream:74 - [STDERR_REDIRECT] 	at java.desktop/java.awt.EventQueue$4.run(EventQueue.java:715)
2024-09-25 19:39:22,017 [ERROR] LogOutputStream:74 - [STDERR_REDIRECT] 	at java.base/java.security.AccessController.doPrivileged(Native Method)
2024-09-25 19:39:22,018 [ERROR] LogOutputStream:74 - [STDERR_REDIRECT] 	at java.base/java.security.ProtectionDomain$JavaSecurityAccessImpl.doIntersectionPrivilege(ProtectionDomain.java:85)
2024-09-25 19:39:22,019 [ERROR] LogOutputStream:74 - [STDERR_REDIRECT] 	at java.base/java.security.ProtectionDomain$JavaSecurityAccessImpl.doIntersectionPrivilege(ProtectionDomain.java:95)
2024-09-25 19:39:22,020 [ERROR] LogOutputStream:74 - [STDERR_REDIRECT] 	at java.desktop/java.awt.EventQueue$5.run(EventQueue.java:745)
2024-09-25 19:39:22,020 [ERROR] LogOutputStream:74 - [STDERR_REDIRECT] 	at java.desktop/java.awt.EventQueue$5.run(EventQueue.java:743)
2024-09-25 19:39:22,021 [ERROR] LogOutputStream:74 - [STDERR_REDIRECT] 	at java.base/java.security.AccessController.doPrivileged(Native Method)
2024-09-25 19:39:22,022 [ERROR] LogOutputStream:74 - [STDERR_REDIRECT] 	at java.base/java.security.ProtectionDomain$JavaSecurityAccessImpl.doIntersectionPrivilege(ProtectionDomain.java:85)
2024-09-25 19:39:22,023 [ERROR] LogOutputStream:74 - [STDERR_REDIRECT] 	at java.desktop/java.awt.EventQueue.dispatchEvent(EventQueue.java:742)
2024-09-25 19:39:22,024 [ERROR] LogOutputStream:74 - [STDERR_REDIRECT] 	at java.desktop/java.awt.EventDispatchThread.pumpOneEventForFilters(EventDispatchThread.java:203)
2024-09-25 19:39:22,024 [ERROR] LogOutputStream:74 - [STDERR_REDIRECT] 	at java.desktop/java.awt.EventDispatchThread.pumpEventsForFilter(EventDispatchThread.java:124)
2024-09-25 19:39:22,025 [ERROR] LogOutputStream:74 - [STDERR_REDIRECT] 	at java.desktop/java.awt.EventDispatchThread.pumpEventsForHierarchy(EventDispatchThread.java:113)
2024-09-25 19:39:22,026 [ERROR] LogOutputStream:74 - [STDERR_REDIRECT] 	at java.desktop/java.awt.EventDispatchThread.pumpEvents(EventDispatchThread.java:109)
2024-09-25 19:39:22,027 [ERROR] LogOutputStream:74 - [STDERR_REDIRECT] 	at java.desktop/java.awt.EventDispatchThread.pumpEvents(EventDispatchThread.java:101)
2024-09-25 19:39:22,028 [ERROR] LogOutputStream:74 - [STDERR_REDIRECT] 	at java.desktop/java.awt.EventDispatchThread.run(EventDispatchThread.java:90)
2024-09-25 19:41:20,923 [INFO] NvicIntPanel:96 - NVIC parent = com.st.microxplorer.plugins.ip.nvic.MultiNvicIntPanel[,0,0,816x385,layout=javax.swing.BoxLayout,alignmentX=0.0,alignmentY=0.0,border=,flags=9,maximumSize=,minimumSize=,preferredSize=]
2024-09-25 19:51:53,523 [INFO] UtilMem:74 - End SaveConfig() Used Memory: 845325976 Bytes (1073741824)
2024-09-25 19:51:56,068 [INFO] UtilMem:74 - End SaveConfig() Used Memory: 862358488 Bytes (1073741824)
2024-09-25 19:52:01,038 [INFO] UtilMem:74 - End SaveConfig() Used Memory: 889269064 Bytes (1073741824)
2024-09-25 19:52:01,685 [INFO] BlockDiagram:2740 - set Specific Code input for plugin: NVIC
2024-09-25 19:52:01,687 [INFO] BlockDiagram:2740 - set Specific Code input for plugin: SYS
2024-09-25 19:52:01,687 [INFO] BlockDiagram:2740 - set Specific Code input for plugin: GPIO
2024-09-25 19:52:01,687 [INFO] BlockDiagram:2740 - set Specific Code input for plugin: RCC
2024-09-25 19:52:01,687 [INFO] BlockDiagram:2740 - set Specific Code input for plugin: TIM1_8F1
2024-09-25 19:52:01,689 [INFO] CodeGenerator:663 - code generatio: config db path: C:\ST\STM32CubeIDE_1.7.0\STM32CubeIDE\plugins\com.st.stm32cube.common.mx_6.3.0.202107141111\\db\
2024-09-25 19:52:02,023 [INFO] CodeEngine:239 - oldGeneratedFile, C:\WORKS\Third_Year\Sem_1\VI_XL\LAB_2\TIMER_INTERUPT\MXTmpFiles\license.tmp_save
2024-09-25 19:52:02,097 [INFO] CodeEngine:257 - Generated code: C:\WORKS\Third_Year\Sem_1\VI_XL\LAB_2\TIMER_INTERUPT\MXTmpFiles\license.tmp
2024-09-25 19:52:02,206 [INFO] CodeEngine:239 - oldGeneratedFile, C:\WORKS\Third_Year\Sem_1\VI_XL\LAB_2\TIMER_INTERUPT\MXTmpFiles\gpio.tmp_save
2024-09-25 19:52:02,278 [INFO] CodeEngine:257 - Generated code: C:\WORKS\Third_Year\Sem_1\VI_XL\LAB_2\TIMER_INTERUPT\MXTmpFiles\gpio.tmp
2024-09-25 19:52:02,413 [INFO] CodeEngine:239 - oldGeneratedFile, C:\WORKS\Third_Year\Sem_1\VI_XL\LAB_2\TIMER_INTERUPT\Core\Src\stm32f1xx_it.c_save
2024-09-25 19:52:02,507 [INFO] CodeEngine:257 - Generated code: C:\WORKS\Third_Year\Sem_1\VI_XL\LAB_2\TIMER_INTERUPT\Core\Src\stm32f1xx_it.c
2024-09-25 19:52:02,522 [INFO] CodeEngine:239 - oldGeneratedFile, C:\WORKS\Third_Year\Sem_1\VI_XL\LAB_2\TIMER_INTERUPT\Core\Inc\stm32f1xx_it.h_save
2024-09-25 19:52:02,604 [INFO] CodeEngine:257 - Generated code: C:\WORKS\Third_Year\Sem_1\VI_XL\LAB_2\TIMER_INTERUPT\Core\Inc\stm32f1xx_it.h
2024-09-25 19:52:02,623 [INFO] CodeEngine:239 - oldGeneratedFile, C:\WORKS\Third_Year\Sem_1\VI_XL\LAB_2\TIMER_INTERUPT\Core\Src\stm32f1xx_hal_msp.c_save
2024-09-25 19:52:02,705 [INFO] CodeEngine:257 - Generated code: C:\WORKS\Third_Year\Sem_1\VI_XL\LAB_2\TIMER_INTERUPT\Core\Src\stm32f1xx_hal_msp.c
2024-09-25 19:52:02,707 [INFO] CodeEngine:239 - oldGeneratedFile, C:\WORKS\Third_Year\Sem_1\VI_XL\LAB_2\TIMER_INTERUPT\MXTmpFiles\system.tmp_save
2024-09-25 19:52:02,743 [INFO] CodeEngine:257 - Generated code: C:\WORKS\Third_Year\Sem_1\VI_XL\LAB_2\TIMER_INTERUPT\MXTmpFiles\system.tmp
2024-09-25 19:52:02,757 [INFO] CodeEngine:239 - oldGeneratedFile, C:\WORKS\Third_Year\Sem_1\VI_XL\LAB_2\TIMER_INTERUPT\Core\Inc\stm32f1xx_hal_conf.h_save
2024-09-25 19:52:02,841 [INFO] CodeEngine:257 - Generated code: C:\WORKS\Third_Year\Sem_1\VI_XL\LAB_2\TIMER_INTERUPT\Core\Inc\stm32f1xx_hal_conf.h
2024-09-25 19:52:02,862 [WARN] IPConfigManager:3148 - IP not found : TIM
2024-09-25 19:52:02,863 [WARN] CodeGenerator:3268 - IP not found : null
2024-09-25 19:52:02,879 [INFO] CodeEngine:239 - oldGeneratedFile, C:\WORKS\Third_Year\Sem_1\VI_XL\LAB_2\TIMER_INTERUPT\Core\Inc\main.h_save
2024-09-25 19:52:02,965 [INFO] CodeEngine:257 - Generated code: C:\WORKS\Third_Year\Sem_1\VI_XL\LAB_2\TIMER_INTERUPT\Core\Inc\main.h
2024-09-25 19:52:02,978 [INFO] CodeEngine:239 - oldGeneratedFile, C:\WORKS\Third_Year\Sem_1\VI_XL\LAB_2\TIMER_INTERUPT\Core\Src\main.c_save
2024-09-25 19:52:03,083 [INFO] CodeEngine:257 - Generated code: C:\WORKS\Third_Year\Sem_1\VI_XL\LAB_2\TIMER_INTERUPT\Core\Src\main.c
2024-09-25 19:52:03,617 [INFO] ProjectBuilder:2578 - Time for Copy HAL[1] : 78mS.
2024-09-25 19:52:03,619 [INFO] ProjectBuilder:3622 - Project Generator version: 3.14.1
2024-09-25 19:52:04,058 [INFO] ConfigFileManager:1271 - The Die is : DIE412
2024-09-25 19:52:05,761 [INFO] ProjectBuilder:3789 - Time for Generating toolchain IDE Files: 2142mS.
2024-09-25 19:52:05,762 [INFO] ProjectBuilder:2457 - Time for Copy CMSIS : 0mS.
2024-09-25 19:52:05,764 [INFO] ProjectBuilder:2457 - Time for Copy CMSIS : 0mS.
2024-09-26 15:28:27,740 [INFO] Activator:177 - 


2024-09-26 15:28:27,742 [INFO] Activator:178 - !SESSION log4j initialized
